2021-03-09 15:00:52,360 DEBUG StartTime StartLatitude StartLongitude
2021-03-09 15:00:53,946 DEBUG 48.3360975 14.326456395277228
2021-03-09 15:00:53,946 DEBUG Time Latitude Longitude Altitude CompassHeading TargetHoldTime(from GPSLog)
2021-03-09 15:03:06,436 DEBUG 1 0 3992 0
2021-03-09 15:03:06,525 DEBUG 48.33606933420221 14.326293355371323 29.5 177.0
2021-03-09 15:03:09,448 DEBUG 48.336059340662615 14.326292667549616 29.35 177.0
2021-03-09 15:03:10,099 DEBUG 48.33605048690539 14.3262933 29.35 177.0
2021-03-09 15:03:10,472 DEBUG 48.33604136506696 14.326292957876571 29.35 177.0
2021-03-09 15:03:10,832 DEBUG 48.336032462782725 14.326292252605706 29.480272860407602 177.0
2021-03-09 15:03:11,212 DEBUG 48.33602354603769 14.326291181874614 29.65 177.0
2021-03-09 15:03:11,499 DEBUG 48.33601642963869 14.326290442055981 29.65 177.0
2021-03-09 15:03:11,821 DEBUG 48.3360074940439 14.32628945403605 29.65 177.0
2021-03-09 15:03:12,054 DEBUG 48.33599821695061 14.326288755572762 29.65 177.0
2021-03-09 15:03:12,399 DEBUG 48.3359896624245 14.326288299804206 29.68336596533628 177.0
2021-03-09 15:03:12,829 DEBUG 48.33598083147333 14.32628810046975 29.7 177.0
2021-03-09 15:03:13,173 DEBUG 48.33597196264822 14.326287804297682 29.8 177.0
2021-03-09 15:03:13,440 DEBUG 48.33596577526423 14.326287551500425 29.8 177.0
2021-03-09 15:03:13,678 DEBUG 48.33595723881905 14.326287199351828 29.724756935888177 177.0
2021-03-09 15:03:13,899 DEBUG 48.33594709775541 14.326286617014595 29.793619527028767 177.0
2021-03-09 15:03:14,458 DEBUG 48.33593859913526 14.326286148534368 29.85 177.0
2021-03-09 15:03:14,658 DEBUG 48.33592972059141 14.326285768025347 29.871995775649626 177.0
2021-03-09 15:03:14,873 DEBUG 48.3359206091797 14.326285229227121 29.97415457567714 177.0
2021-03-09 15:03:15,292 DEBUG 48.335911151286034 14.3262849 29.996135817156336 177.0
2021-03-09 15:03:15,559 DEBUG 48.33590236661034 14.326284868980698 29.95 177.0
2021-03-09 15:03:15,788 DEBUG 48.335894258304215 14.3262848 29.95 177.0
2021-03-09 15:03:16,099 DEBUG 48.3358849341973 14.326284724425312 30.063362028781853 177.0
2021-03-09 15:03:16,463 DEBUG 48.33587644725578 14.326284414672779 30.242663610266597 177.0
2021-03-09 15:03:16,664 DEBUG 48.33586787092897 14.32628411623893 30.25 177.0
2021-03-09 15:03:16,896 DEBUG 48.33585947200893 14.326283811333706 30.25 177.0
2021-03-09 15:03:17,220 DEBUG 48.33585025333662 14.326283429589175 30.22159819606241 177.0
2021-03-09 15:03:17,473 DEBUG 48.335839272623886 14.326283078327009 30.2 177.0
2021-03-09 15:03:17,904 DEBUG 48.33583108577224 14.3262828 30.2 177.0
2021-03-09 15:03:18,150 DEBUG 48.33582188186663 14.326282753914814 30.223042592833313 177.0
2021-03-09 15:03:18,364 DEBUG 48.33581032425435 14.326282813215157 30.25 177.0
2021-03-09 15:03:18,868 DEBUG 48.33580298684121 14.326283025548282 30.24574195287612 177.0
2021-03-09 15:03:19,099 DEBUG 48.335794306928825 14.326283388439627 30.185260062136763 177.0
2021-03-09 15:03:19,300 DEBUG 48.3357836307046 14.326283836220643 30.15 177.0
2021-03-09 15:03:19,657 DEBUG 48.33577457017886 14.32628410756887 30.15 177.0
2021-03-09 15:03:20,167 DEBUG 48.33576805303804 14.3262842 30.15 177.0
2021-03-09 15:03:20,442 DEBUG 48.33575902620567 14.326284105487202 30.15 177.0
2021-03-09 15:03:20,705 DEBUG 48.33574936301829 14.32628360958931 30.11369866392173 177.0
2021-03-09 15:03:21,124 DEBUG 48.33573975535694 14.326282922041562 30.05 177.0
2021-03-09 15:03:21,490 DEBUG 48.335730512090365 14.326282178694658 13.957957550925489 177.0
2021-03-09 15:03:21,831 DEBUG 48.335720684372895 14.326281493096888 30.05 177.0
2021-03-09 15:03:22,363 DEBUG 48.33571003926691 14.326280915421224 30.080763129503307 177.0
2021-03-09 15:03:22,920 DEBUG 48.33570109498681 14.32628070440279 30.004402788306862 177.0
2021-03-09 15:03:23,221 DEBUG 48.33569245802587 14.32628125120683 29.95 177.0
2021-03-09 15:03:23,402 DEBUG 48.33568373652211 14.32628196715117 29.95 177.0
2021-03-09 15:03:23,546 DEBUG 48.33567389470948 14.326283009429002 29.952357250512975 177.0
2021-03-09 15:03:24,160 DEBUG 48.33566356688158 14.326283975997537 30.08657151647537 177.0
2021-03-09 15:03:24,726 DEBUG 48.335654913174096 14.326284847593975 30.055443072306716 177.0
2021-03-09 15:03:24,854 DEBUG 48.33564896228025 14.326285321573895 30.1464721683988 177.0
2021-03-09 15:03:25,186 DEBUG 48.33563954426673 14.326285798102852 30.2 177.0
2021-03-09 15:03:25,595 DEBUG 48.335632495161036 14.3262859 30.00010369199949 177.0
2021-03-09 15:03:25,838 DEBUG 48.335624278437635 14.326285865098216 30.141274554576707 177.0
2021-03-09 15:03:26,172 DEBUG 48.33561607806782 14.326285632724106 30.1 177.0
2021-03-09 15:03:26,236 DEBUG 48.335604374597246 14.32628501229558 29.953688674224978 177.0
2021-03-09 15:03:26,829 DEBUG 48.335594572470214 14.326284436089452 29.9 177.0
2021-03-09 15:03:26,900 DEBUG 48.33558486999558 14.326283893146666 29.9 177.0
2021-03-09 15:03:27,402 DEBUG 48.33557656873 14.326283544841816 29.9 177.0
2021-03-09 15:03:27,739 DEBUG 48.33556767581655 14.326283491208684 29.9043956581089 177.0
2021-03-09 15:03:28,172 DEBUG 48.335559078672986 14.326283459755691 21.001585341432484 177.0
2021-03-09 15:03:28,495 DEBUG 48.33555098575534 14.326283734427827 6.74379598791728 177.0
2021-03-09 15:03:28,673 DEBUG 48.335541872612865 14.326284127800884 26.478010998373477 177.0
2021-03-09 15:03:29,052 DEBUG 48.335533192772544 14.326284496080032 30.05065332775827 177.0
2021-03-09 15:03:29,305 DEBUG 48.335524124866645 14.326284985875361 21.448151112817268 177.0
2021-03-09 15:03:29,605 DEBUG 48.335517653457906 14.326285267240959 6.724096053888627 177.0
2021-03-09 15:03:29,667 DEBUG 48.33550676114678 14.326285658252948 29.960436762755634 177.0
2021-03-09 15:03:30,126 DEBUG 48.33549831169088 14.326285899665974 29.95 177.0
2021-03-09 15:03:30,394 DEBUG 48.33548878224598 14.326286274792972 29.962603513981943 177.0
2021-03-09 15:03:30,881 DEBUG 48.33548101819885 14.326286448659008 29.912164752345223 177.0
2021-03-09 15:03:31,058 DEBUG 48.335471930420276 14.326286579418412 29.94485460330335 177.0
2021-03-09 15:03:31,529 DEBUG 48.33546293807805 14.326286808027454 29.8 177.0
2021-03-09 15:03:31,906 DEBUG 48.335454500579566 14.326286928977108 29.78551144614712 177.0
2021-03-09 15:03:32,174 DEBUG 48.3354446048012 14.326287214079949 29.714320008549915 177.0
2021-03-09 15:03:32,542 DEBUG 48.33543748341964 14.326287412041905 29.718673650960895 177.0
2021-03-09 15:03:32,695 DEBUG 48.335429042689775 14.326287596875405 29.749479234395093 177.0
2021-03-09 15:03:33,026 DEBUG 48.335419659253056 14.326287781253752 29.709373123953366 177.0
2021-03-09 15:03:33,336 DEBUG 48.33541042755101 14.326287899999999 29.779978604523407 177.0
2021-03-09 15:03:33,837 DEBUG 48.335403218960316 14.32628800493052 29.8 177.0
2021-03-09 15:03:34,087 DEBUG 48.335394384590465 14.326288162098354 29.768950822473354 177.0
2021-03-09 15:03:34,429 DEBUG 48.335385262729204 14.326288434745415 29.75 177.0
2021-03-09 15:03:34,837 DEBUG 48.33537630991469 14.326288630003708 29.79249907275651 177.0
2021-03-09 15:03:35,272 DEBUG 48.33536430890263 14.326289326463394 29.668384150803817 177.0
2021-03-09 15:03:35,869 DEBUG 48.33535525137039 14.326290115645223 29.60195565280274 177.0
2021-03-09 15:03:36,612 DEBUG 48.33534559609967 14.326291277811485 29.55 177.0
2021-03-09 15:03:37,427 DEBUG 48.33533637546493 14.326292396050164 29.5 177.0
2021-03-09 15:03:38,066 DEBUG 48.33532780688212 14.326293081774171 29.348521523321125 177.0
2021-03-09 15:03:38,883 DEBUG 48.3353188110812 14.326293399999999 29.2 177.0
2021-03-09 15:03:39,670 DEBUG 48.335309721069564 14.326294415786087 29.2 177.0
2021-03-09 15:03:40,733 DEBUG 48.33530069750462 14.326296572141537 29.1886070768119 177.0
2021-03-09 15:03:42,035 DEBUG 48.33529181408928 14.326298773155463 29.2 177.0
2021-03-09 15:03:43,507 DEBUG 48.33528294913722 14.326301209404647 29.0 177.0
2021-03-09 15:03:45,568 DEBUG 48.33527562987627 14.326299256966108 28.9 177.0
2021-03-09 15:03:45,572 DEBUG 2 90 4962 0
