2021-03-09 15:00:52,327 DEBUG Renderer and Detection Started in Third Thread
2021-03-09 15:00:52,330 DEBUG Camera FocalLength Set
2021-03-09 15:01:00,897 DEBUG Renderer Initialized
2021-03-09 15:01:04,666 DEBUG Detector Initilized
2021-03-09 15:01:04,700 DEBUG Renderer Initialized
2021-03-09 15:03:06,570 DEBUG Render or Add an Image
2021-03-09 15:03:06,571 DEBUG Current Frame Lat = 48.33606933420221, Lon = 14.326293355371323, Alt = 29.5, Comp = 177.0
2021-03-09 15:03:06,572 DEBUG StartingHeigth = 281.9929, Render = False, UpdatePlanningAlgo = False
2021-03-09 15:03:06,572 DEBUG CurrentImageNumber = 0, CentralCameraIndex = 15
2021-03-09 15:03:06,572 DEBUG PosX = 0.0, PosY = 0.0,  PosZ = 0.0,  UpX = 0.0,   UpY = 0.0,   UpZ = 0.0
2021-03-09 15:03:06,572 DEBUG MeanAltitude = 0.0, CompassRad = 6.178465552059927
2021-03-09 15:03:06,599 DEBUG Image Added
2021-03-09 15:03:09,481 DEBUG Render or Add an Image
2021-03-09 15:03:09,482 DEBUG Current Frame Lat = 48.336059340662615, Lon = 14.326292667549616, Alt = 29.35, Comp = 177.0
2021-03-09 15:03:09,483 DEBUG StartingHeigth = 281.9929, Render = False, UpdatePlanningAlgo = False
2021-03-09 15:03:09,483 DEBUG CurrentImageNumber = 1, CentralCameraIndex = 16
2021-03-09 15:03:09,483 DEBUG PosX = 0.0, PosY = 0.0,  PosZ = 0.0,  UpX = 0.0,   UpY = 0.0,   UpZ = 0.0
2021-03-09 15:03:09,483 DEBUG MeanAltitude = 0.0, CompassRad = 6.178465552059927
2021-03-09 15:03:09,499 DEBUG Image Added
2021-03-09 15:03:10,156 DEBUG Render or Add an Image
2021-03-09 15:03:10,157 DEBUG Current Frame Lat = 48.33605048690539, Lon = 14.3262933, Alt = 29.35, Comp = 177.0
2021-03-09 15:03:10,157 DEBUG StartingHeigth = 281.9929, Render = False, UpdatePlanningAlgo = False
2021-03-09 15:03:10,158 DEBUG CurrentImageNumber = 2, CentralCameraIndex = 17
2021-03-09 15:03:10,158 DEBUG PosX = 0.0, PosY = 0.0,  PosZ = 0.0,  UpX = 0.0,   UpY = 0.0,   UpZ = 0.0
2021-03-09 15:03:10,158 DEBUG MeanAltitude = 0.0, CompassRad = 6.178465552059927
2021-03-09 15:03:10,181 DEBUG Image Added
2021-03-09 15:03:10,525 DEBUG Render or Add an Image
2021-03-09 15:03:10,526 DEBUG Current Frame Lat = 48.33604136506696, Lon = 14.326292957876571, Alt = 29.35, Comp = 177.0
2021-03-09 15:03:10,527 DEBUG StartingHeigth = 281.9929, Render = False, UpdatePlanningAlgo = False
2021-03-09 15:03:10,527 DEBUG CurrentImageNumber = 3, CentralCameraIndex = 18
2021-03-09 15:03:10,527 DEBUG PosX = 0.0, PosY = 0.0,  PosZ = 0.0,  UpX = 0.0,   UpY = 0.0,   UpZ = 0.0
2021-03-09 15:03:10,528 DEBUG MeanAltitude = 0.0, CompassRad = 6.178465552059927
2021-03-09 15:03:10,547 DEBUG Image Added
2021-03-09 15:03:10,870 DEBUG Render or Add an Image
2021-03-09 15:03:10,871 DEBUG Current Frame Lat = 48.336032462782725, Lon = 14.326292252605706, Alt = 29.480272860407602, Comp = 177.0
2021-03-09 15:03:10,871 DEBUG StartingHeigth = 281.9929, Render = False, UpdatePlanningAlgo = False
2021-03-09 15:03:10,872 DEBUG CurrentImageNumber = 4, CentralCameraIndex = 19
2021-03-09 15:03:10,872 DEBUG PosX = 0.0, PosY = 0.0,  PosZ = 0.0,  UpX = 0.0,   UpY = 0.0,   UpZ = 0.0
2021-03-09 15:03:10,872 DEBUG MeanAltitude = 0.0, CompassRad = 6.178465552059927
2021-03-09 15:03:10,894 DEBUG Image Added
2021-03-09 15:03:11,255 DEBUG Render or Add an Image
2021-03-09 15:03:11,256 DEBUG Current Frame Lat = 48.33602354603769, Lon = 14.326291181874614, Alt = 29.65, Comp = 177.0
2021-03-09 15:03:11,257 DEBUG StartingHeigth = 281.9929, Render = False, UpdatePlanningAlgo = False
2021-03-09 15:03:11,257 DEBUG CurrentImageNumber = 5, CentralCameraIndex = 20
2021-03-09 15:03:11,257 DEBUG PosX = 0.0, PosY = 0.0,  PosZ = 0.0,  UpX = 0.0,   UpY = 0.0,   UpZ = 0.0
2021-03-09 15:03:11,257 DEBUG MeanAltitude = 0.0, CompassRad = 6.178465552059927
2021-03-09 15:03:11,278 DEBUG Image Added
2021-03-09 15:03:11,553 DEBUG Render or Add an Image
2021-03-09 15:03:11,555 DEBUG Current Frame Lat = 48.33601642963869, Lon = 14.326290442055981, Alt = 29.65, Comp = 177.0
2021-03-09 15:03:11,555 DEBUG StartingHeigth = 281.9929, Render = False, UpdatePlanningAlgo = False
2021-03-09 15:03:11,555 DEBUG CurrentImageNumber = 6, CentralCameraIndex = 21
2021-03-09 15:03:11,556 DEBUG PosX = 0.0, PosY = 0.0,  PosZ = 0.0,  UpX = 0.0,   UpY = 0.0,   UpZ = 0.0
2021-03-09 15:03:11,556 DEBUG MeanAltitude = 0.0, CompassRad = 6.178465552059927
2021-03-09 15:03:11,571 DEBUG Image Added
2021-03-09 15:03:11,867 DEBUG Render or Add an Image
2021-03-09 15:03:11,868 DEBUG Current Frame Lat = 48.3360074940439, Lon = 14.32628945403605, Alt = 29.65, Comp = 177.0
2021-03-09 15:03:11,868 DEBUG StartingHeigth = 281.9929, Render = False, UpdatePlanningAlgo = False
2021-03-09 15:03:11,868 DEBUG CurrentImageNumber = 7, CentralCameraIndex = 22
2021-03-09 15:03:11,869 DEBUG PosX = 0.0, PosY = 0.0,  PosZ = 0.0,  UpX = 0.0,   UpY = 0.0,   UpZ = 0.0
2021-03-09 15:03:11,869 DEBUG MeanAltitude = 0.0, CompassRad = 6.178465552059927
2021-03-09 15:03:11,901 DEBUG Image Added
2021-03-09 15:03:12,085 DEBUG Render or Add an Image
2021-03-09 15:03:12,086 DEBUG Current Frame Lat = 48.33599821695061, Lon = 14.326288755572762, Alt = 29.65, Comp = 177.0
2021-03-09 15:03:12,086 DEBUG StartingHeigth = 281.9929, Render = False, UpdatePlanningAlgo = False
2021-03-09 15:03:12,087 DEBUG CurrentImageNumber = 8, CentralCameraIndex = 23
2021-03-09 15:03:12,087 DEBUG PosX = 0.0, PosY = 0.0,  PosZ = 0.0,  UpX = 0.0,   UpY = 0.0,   UpZ = 0.0
2021-03-09 15:03:12,087 DEBUG MeanAltitude = 0.0, CompassRad = 6.178465552059927
2021-03-09 15:03:12,104 DEBUG Image Added
2021-03-09 15:03:12,430 DEBUG Render or Add an Image
2021-03-09 15:03:12,431 DEBUG Current Frame Lat = 48.3359896624245, Lon = 14.326288299804206, Alt = 29.68336596533628, Comp = 177.0
2021-03-09 15:03:12,431 DEBUG StartingHeigth = 281.9929, Render = False, UpdatePlanningAlgo = False
2021-03-09 15:03:12,431 DEBUG CurrentImageNumber = 9, CentralCameraIndex = 24
2021-03-09 15:03:12,432 DEBUG PosX = 0.0, PosY = 0.0,  PosZ = 0.0,  UpX = 0.0,   UpY = 0.0,   UpZ = 0.0
2021-03-09 15:03:12,432 DEBUG MeanAltitude = 0.0, CompassRad = 6.178465552059927
2021-03-09 15:03:12,450 DEBUG Image Added
2021-03-09 15:03:12,858 DEBUG Render or Add an Image
2021-03-09 15:03:12,859 DEBUG Current Frame Lat = 48.33598083147333, Lon = 14.32628810046975, Alt = 29.7, Comp = 177.0
2021-03-09 15:03:12,859 DEBUG StartingHeigth = 281.9929, Render = False, UpdatePlanningAlgo = False
2021-03-09 15:03:12,859 DEBUG CurrentImageNumber = 10, CentralCameraIndex = 25
2021-03-09 15:03:12,860 DEBUG PosX = 0.0, PosY = 0.0,  PosZ = 0.0,  UpX = 0.0,   UpY = 0.0,   UpZ = 0.0
2021-03-09 15:03:12,860 DEBUG MeanAltitude = 0.0, CompassRad = 6.178465552059927
2021-03-09 15:03:12,878 DEBUG Image Added
2021-03-09 15:03:13,217 DEBUG Render or Add an Image
2021-03-09 15:03:13,218 DEBUG Current Frame Lat = 48.33597196264822, Lon = 14.326287804297682, Alt = 29.8, Comp = 177.0
2021-03-09 15:03:13,219 DEBUG StartingHeigth = 281.9929, Render = False, UpdatePlanningAlgo = False
2021-03-09 15:03:13,219 DEBUG CurrentImageNumber = 11, CentralCameraIndex = 26
2021-03-09 15:03:13,219 DEBUG PosX = 0.0, PosY = 0.0,  PosZ = 0.0,  UpX = 0.0,   UpY = 0.0,   UpZ = 0.0
2021-03-09 15:03:13,219 DEBUG MeanAltitude = 0.0, CompassRad = 6.178465552059927
2021-03-09 15:03:13,238 DEBUG Image Added
2021-03-09 15:03:13,478 DEBUG Render or Add an Image
2021-03-09 15:03:13,479 DEBUG Current Frame Lat = 48.33596577526423, Lon = 14.326287551500425, Alt = 29.8, Comp = 177.0
2021-03-09 15:03:13,479 DEBUG StartingHeigth = 281.9929, Render = False, UpdatePlanningAlgo = False
2021-03-09 15:03:13,479 DEBUG CurrentImageNumber = 12, CentralCameraIndex = 27
2021-03-09 15:03:13,479 DEBUG PosX = 0.0, PosY = 0.0,  PosZ = 0.0,  UpX = 0.0,   UpY = 0.0,   UpZ = 0.0
2021-03-09 15:03:13,479 DEBUG MeanAltitude = 0.0, CompassRad = 6.178465552059927
2021-03-09 15:03:13,499 DEBUG Image Added
2021-03-09 15:03:13,723 DEBUG Render or Add an Image
2021-03-09 15:03:13,724 DEBUG Current Frame Lat = 48.33595723881905, Lon = 14.326287199351828, Alt = 29.724756935888177, Comp = 177.0
2021-03-09 15:03:13,724 DEBUG StartingHeigth = 281.9929, Render = False, UpdatePlanningAlgo = False
2021-03-09 15:03:13,724 DEBUG CurrentImageNumber = 13, CentralCameraIndex = 28
2021-03-09 15:03:13,724 DEBUG PosX = 0.0, PosY = 0.0,  PosZ = 0.0,  UpX = 0.0,   UpY = 0.0,   UpZ = 0.0
2021-03-09 15:03:13,724 DEBUG MeanAltitude = 0.0, CompassRad = 6.178465552059927
2021-03-09 15:03:13,743 DEBUG Image Added
2021-03-09 15:03:13,940 DEBUG Render or Add an Image
2021-03-09 15:03:13,942 DEBUG Current Frame Lat = 48.33594709775541, Lon = 14.326286617014595, Alt = 29.793619527028767, Comp = 177.0
2021-03-09 15:03:13,942 DEBUG StartingHeigth = 281.9929, Render = False, UpdatePlanningAlgo = False
2021-03-09 15:03:13,942 DEBUG CurrentImageNumber = 14, CentralCameraIndex = 29
2021-03-09 15:03:13,942 DEBUG PosX = 0.0, PosY = 0.0,  PosZ = 0.0,  UpX = 0.0,   UpY = 0.0,   UpZ = 0.0
2021-03-09 15:03:13,943 DEBUG MeanAltitude = 14.675, CompassRad = 6.178465552059927
2021-03-09 15:03:13,960 DEBUG Image Added
2021-03-09 15:03:14,506 DEBUG Render or Add an Image
2021-03-09 15:03:14,507 DEBUG Current Frame Lat = 48.33593859913526, Lon = 14.326286148534368, Alt = 29.85, Comp = 177.0
2021-03-09 15:03:14,508 DEBUG StartingHeigth = 281.9929, Render = False, UpdatePlanningAlgo = False
2021-03-09 15:03:14,508 DEBUG CurrentImageNumber = 15, CentralCameraIndex = 0
2021-03-09 15:03:14,508 DEBUG PosX = 2.6482258047908545, PosY = -44.51126122288406,  PosZ = -281.9929,  UpX = 0.10452846326765342,   UpY = 0.9945218953682733,   UpZ = 0.0
2021-03-09 15:03:14,509 DEBUG MeanAltitude = 29.35, CompassRad = 6.178465552059927
2021-03-09 15:03:14,537 DEBUG Image Added
2021-03-09 15:03:14,700 DEBUG Render or Add an Image
2021-03-09 15:03:14,701 DEBUG Current Frame Lat = 48.33592972059141, Lon = 14.326285768025347, Alt = 29.871995775649626, Comp = 177.0
2021-03-09 15:03:14,702 DEBUG StartingHeigth = 281.9929, Render = False, UpdatePlanningAlgo = False
2021-03-09 15:03:14,702 DEBUG CurrentImageNumber = 16, CentralCameraIndex = 1
2021-03-09 15:03:14,702 DEBUG PosX = 2.587494010105729, PosY = -43.4009121498093,  PosZ = -281.9929,  UpX = 0.10452846326765342,   UpY = 0.9945218953682733,   UpZ = 0.0
2021-03-09 15:03:14,702 DEBUG MeanAltitude = 29.35, CompassRad = 6.178465552059927
2021-03-09 15:03:14,717 DEBUG Image Added
2021-03-09 15:03:14,909 DEBUG Render or Add an Image
2021-03-09 15:03:14,910 DEBUG Current Frame Lat = 48.3359206091797, Lon = 14.326285229227121, Alt = 29.97415457567714, Comp = 177.0
2021-03-09 15:03:14,911 DEBUG StartingHeigth = 281.9929, Render = False, UpdatePlanningAlgo = False
2021-03-09 15:03:14,911 DEBUG CurrentImageNumber = 17, CentralCameraIndex = 2
2021-03-09 15:03:14,911 DEBUG PosX = 2.62571938324254, PosY = -42.416392067447305,  PosZ = -281.9929,  UpX = 0.10452846326765342,   UpY = 0.9945218953682733,   UpZ = 0.0
2021-03-09 15:03:14,911 DEBUG MeanAltitude = 29.415136430203802, CompassRad = 6.178465552059927
2021-03-09 15:03:14,925 DEBUG Image Added
2021-03-09 15:03:15,335 DEBUG Render or Add an Image
2021-03-09 15:03:15,336 DEBUG Current Frame Lat = 48.335911151286034, Lon = 14.3262849, Alt = 29.996135817156336, Comp = 177.0
2021-03-09 15:03:15,336 DEBUG StartingHeigth = 281.9929, Render = False, UpdatePlanningAlgo = False
2021-03-09 15:03:15,337 DEBUG CurrentImageNumber = 18, CentralCameraIndex = 3
2021-03-09 15:03:15,337 DEBUG PosX = 2.59145813860232, PosY = -41.40270882751793,  PosZ = -281.9929,  UpX = 0.10452846326765342,   UpY = 0.9945218953682733,   UpZ = 0.0
2021-03-09 15:03:15,337 DEBUG MeanAltitude = 29.4901364302038, CompassRad = 6.178465552059927
2021-03-09 15:03:15,367 DEBUG Image Added
2021-03-09 15:03:15,603 DEBUG Render or Add an Image
2021-03-09 15:03:15,604 DEBUG Current Frame Lat = 48.33590236661034, Lon = 14.326284868980698, Alt = 29.95, Comp = 177.0
2021-03-09 15:03:15,604 DEBUG StartingHeigth = 281.9929, Render = False, UpdatePlanningAlgo = False
2021-03-09 15:03:15,604 DEBUG CurrentImageNumber = 19, CentralCameraIndex = 4
2021-03-09 15:03:15,605 DEBUG PosX = 2.530498697364237, PosY = -40.41366578359157,  PosZ = -281.9929,  UpX = 0.10452846326765342,   UpY = 0.9945218953682733,   UpZ = 0.0
2021-03-09 15:03:15,605 DEBUG MeanAltitude = 29.575, CompassRad = 6.178465552059927
2021-03-09 15:03:15,631 DEBUG Image Added
2021-03-09 15:03:15,826 DEBUG Render or Add an Image
2021-03-09 15:03:15,827 DEBUG Current Frame Lat = 48.335894258304215, Lon = 14.3262848, Alt = 29.95, Comp = 177.0
2021-03-09 15:03:15,827 DEBUG StartingHeigth = 281.9929, Render = False, UpdatePlanningAlgo = False
2021-03-09 15:03:15,828 DEBUG CurrentImageNumber = 20, CentralCameraIndex = 5
2021-03-09 15:03:15,828 DEBUG PosX = 2.442441150546074, PosY = -39.423253322951496,  PosZ = -281.9929,  UpX = 0.10452846326765342,   UpY = 0.9945218953682733,   UpZ = 0.0
2021-03-09 15:03:15,828 DEBUG MeanAltitude = 29.65, CompassRad = 6.178465552059927
2021-03-09 15:03:15,848 DEBUG Image Added
2021-03-09 15:03:16,138 DEBUG Render or Add an Image
2021-03-09 15:03:16,139 DEBUG Current Frame Lat = 48.3358849341973, Lon = 14.326284724425312, Alt = 30.063362028781853, Comp = 177.0
2021-03-09 15:03:16,140 DEBUG StartingHeigth = 281.9929, Render = False, UpdatePlanningAlgo = False
2021-03-09 15:03:16,140 DEBUG CurrentImageNumber = 21, CentralCameraIndex = 6
2021-03-09 15:03:16,140 DEBUG PosX = 2.3806651463964954, PosY = -38.63273658417165,  PosZ = -281.9929,  UpX = 0.10452846326765342,   UpY = 0.9945218953682733,   UpZ = 0.0
2021-03-09 15:03:16,140 DEBUG MeanAltitude = 29.65, CompassRad = 6.178465552059927
2021-03-09 15:03:16,164 DEBUG Image Added
2021-03-09 15:03:16,508 DEBUG Render or Add an Image
2021-03-09 15:03:16,509 DEBUG Current Frame Lat = 48.33587644725578, Lon = 14.326284414672779, Alt = 30.242663610266597, Comp = 177.0
2021-03-09 15:03:16,509 DEBUG StartingHeigth = 281.9929, Render = False, UpdatePlanningAlgo = False
2021-03-09 15:03:16,509 DEBUG CurrentImageNumber = 22, CentralCameraIndex = 7
2021-03-09 15:03:16,510 DEBUG PosX = 2.2987188093247823, PosY = -37.640175104141235,  PosZ = -281.9929,  UpX = 0.10452846326765342,   UpY = 0.9945218953682733,   UpZ = 0.0
2021-03-09 15:03:16,510 DEBUG MeanAltitude = 29.65, CompassRad = 6.178465552059927
2021-03-09 15:03:16,540 DEBUG Image Added
2021-03-09 15:03:16,706 DEBUG Render or Add an Image
2021-03-09 15:03:16,707 DEBUG Current Frame Lat = 48.33586787092897, Lon = 14.32628411623893, Alt = 30.25, Comp = 177.0
2021-03-09 15:03:16,708 DEBUG StartingHeigth = 281.9929, Render = False, UpdatePlanningAlgo = False
2021-03-09 15:03:16,708 DEBUG CurrentImageNumber = 23, CentralCameraIndex = 8
2021-03-09 15:03:16,708 DEBUG PosX = 2.237897824146785, PosY = -36.60946704912931,  PosZ = -281.9929,  UpX = 0.10452846326765342,   UpY = 0.9945218953682733,   UpZ = 0.0
2021-03-09 15:03:16,708 DEBUG MeanAltitude = 29.66668298266814, CompassRad = 6.178465552059927
2021-03-09 15:03:16,734 DEBUG Image Added
2021-03-09 15:03:16,944 DEBUG Render or Add an Image
2021-03-09 15:03:16,945 DEBUG Current Frame Lat = 48.33585947200893, Lon = 14.326283811333706, Alt = 30.25, Comp = 177.0
2021-03-09 15:03:16,946 DEBUG StartingHeigth = 281.9929, Render = False, UpdatePlanningAlgo = False
2021-03-09 15:03:16,946 DEBUG CurrentImageNumber = 24, CentralCameraIndex = 9
2021-03-09 15:03:16,946 DEBUG PosX = 2.195768282748759, PosY = -35.65891541726887,  PosZ = -281.9929,  UpX = 0.10452846326765342,   UpY = 0.9945218953682733,   UpZ = 0.0
2021-03-09 15:03:16,946 DEBUG MeanAltitude = 29.69168298266814, CompassRad = 6.178465552059927
2021-03-09 15:03:16,967 DEBUG Image Added
2021-03-09 15:03:17,257 DEBUG Render or Add an Image
2021-03-09 15:03:17,258 DEBUG Current Frame Lat = 48.33585025333662, Lon = 14.326283429589175, Alt = 30.22159819606241, Comp = 177.0
2021-03-09 15:03:17,259 DEBUG StartingHeigth = 281.9929, Render = False, UpdatePlanningAlgo = False
2021-03-09 15:03:17,259 DEBUG CurrentImageNumber = 25, CentralCameraIndex = 10
2021-03-09 15:03:17,259 DEBUG PosX = 2.1723729695077054, PosY = -34.67747178301215,  PosZ = -281.9929,  UpX = 0.10452846326765342,   UpY = 0.9945218953682733,   UpZ = 0.0
2021-03-09 15:03:17,260 DEBUG MeanAltitude = 29.712378467944088, CompassRad = 6.178465552059927
2021-03-09 15:03:17,300 DEBUG Image Added
2021-03-09 15:03:17,532 DEBUG Render or Add an Image
2021-03-09 15:03:17,534 DEBUG Current Frame Lat = 48.335839272623886, Lon = 14.326283078327009, Alt = 30.2, Comp = 177.0
2021-03-09 15:03:17,535 DEBUG StartingHeigth = 281.9929, Render = False, UpdatePlanningAlgo = False
2021-03-09 15:03:17,535 DEBUG CurrentImageNumber = 26, CentralCameraIndex = 11
2021-03-09 15:03:17,535 DEBUG PosX = 2.1417641048319638, PosY = -33.69188144989312,  PosZ = -281.9929,  UpX = 0.10452846326765342,   UpY = 0.9945218953682733,   UpZ = 0.0
2021-03-09 15:03:17,536 DEBUG MeanAltitude = 29.759188231458474, CompassRad = 6.178465552059927
2021-03-09 15:03:17,556 DEBUG Image Added
2021-03-09 15:03:17,952 DEBUG Render or Add an Image
2021-03-09 15:03:17,953 DEBUG Current Frame Lat = 48.33583108577224, Lon = 14.3262828, Alt = 30.2, Comp = 177.0
2021-03-09 15:03:17,953 DEBUG StartingHeigth = 281.9929, Render = False, UpdatePlanningAlgo = False
2021-03-09 15:03:17,953 DEBUG CurrentImageNumber = 27, CentralCameraIndex = 12
2021-03-09 15:03:17,953 DEBUG PosX = 2.1169879444059916, PosY = -33.00430906377733,  PosZ = -281.9929,  UpX = 0.10452846326765342,   UpY = 0.9945218953682733,   UpZ = 0.0
2021-03-09 15:03:17,953 DEBUG MeanAltitude = 29.796809763514382, CompassRad = 6.178465552059927
2021-03-09 15:03:17,971 DEBUG Image Added
2021-03-09 15:03:18,201 DEBUG Render or Add an Image
2021-03-09 15:03:18,202 DEBUG Current Frame Lat = 48.33582188186663, Lon = 14.326282753914814, Alt = 30.223042592833313, Comp = 177.0
2021-03-09 15:03:18,203 DEBUG StartingHeigth = 281.9929, Render = False, UpdatePlanningAlgo = False
2021-03-09 15:03:18,203 DEBUG CurrentImageNumber = 28, CentralCameraIndex = 13
2021-03-09 15:03:18,203 DEBUG PosX = 2.0825552306487225, PosY = -32.055699698626995,  PosZ = -281.9929,  UpX = 0.10452846326765342,   UpY = 0.9945218953682733,   UpZ = 0.0
2021-03-09 15:03:18,203 DEBUG MeanAltitude = 29.8, CompassRad = 6.178465552059927
2021-03-09 15:03:18,219 DEBUG Image Added
2021-03-09 15:03:18,403 DEBUG Render or Add an Image
2021-03-09 15:03:18,404 DEBUG Current Frame Lat = 48.33581032425435, Lon = 14.326282813215157, Alt = 30.25, Comp = 177.0
2021-03-09 15:03:18,405 DEBUG StartingHeigth = 281.9929, Render = True, UpdatePlanningAlgo = False
2021-03-09 15:03:18,405 DEBUG CurrentImageNumber = 29, CentralCameraIndex = 14
2021-03-09 15:03:18,406 DEBUG PosX = 2.029496588278562, PosY = -30.92888446059078,  PosZ = -296.66790000000003,  UpX = 0.10452846326765342,   UpY = 0.9945218953682733,   UpZ = 0.0
2021-03-09 15:03:18,406 DEBUG MeanAltitude = 29.825000000000003, CompassRad = 6.178465552059927
2021-03-09 15:03:18,762 DEBUG Rendering Elapsed time: = 0.35520307399974627,
2021-03-09 15:03:18,766 DEBUG Image Rendered
2021-03-09 15:03:18,810 DEBUG Detection Started
2021-03-09 15:03:19,550 DEBUG Detection Elapsed time: = 0.7388708700000279,
2021-03-09 15:03:19,618 DEBUG Detected
2021-03-09 15:03:19,618 DEBUG UpdatePathPlanningFlag for Path = False
2021-03-09 15:03:19,639 DEBUG Render or Add an Image
2021-03-09 15:03:19,640 DEBUG Current Frame Lat = 48.33580298684121, Lon = 14.326283025548282, Alt = 30.24574195287612, Comp = 177.0
2021-03-09 15:03:19,641 DEBUG StartingHeigth = 281.9929, Render = True, UpdatePlanningAlgo = False
2021-03-09 15:03:19,641 DEBUG CurrentImageNumber = 0, CentralCameraIndex = 15
2021-03-09 15:03:19,641 DEBUG PosX = 1.9864795288885944, PosY = -29.984555144794285,  PosZ = -311.84290000000004,  UpX = 0.10452846326765342,   UpY = 0.9945218953682733,   UpZ = 0.0
2021-03-09 15:03:19,641 DEBUG MeanAltitude = 29.860997887824816, CompassRad = 6.178465552059927
2021-03-09 15:03:19,968 DEBUG Rendering Elapsed time: = 0.32682712999985597,
2021-03-09 15:03:19,969 DEBUG Image Rendered
2021-03-09 15:03:20,017 DEBUG Detection Started
2021-03-09 15:03:20,224 DEBUG Detection Elapsed time: = 0.20702324100011538,
2021-03-09 15:03:20,265 DEBUG Detected
2021-03-09 15:03:20,265 DEBUG UpdatePathPlanningFlag for Path = False
2021-03-09 15:03:20,291 DEBUG Render or Add an Image
2021-03-09 15:03:20,292 DEBUG Current Frame Lat = 48.335794306928825, Lon = 14.326283388439627, Alt = 30.185260062136763, Comp = 177.0
2021-03-09 15:03:20,293 DEBUG StartingHeigth = 281.9929, Render = True, UpdatePlanningAlgo = False
2021-03-09 15:03:20,293 DEBUG CurrentImageNumber = 1, CentralCameraIndex = 16
2021-03-09 15:03:20,293 DEBUG PosX = 1.949610979645513, PosY = -28.99793947301805,  PosZ = -311.86489577564964,  UpX = 0.10452846326765342,   UpY = 0.9945218953682733,   UpZ = 0.0
2021-03-09 15:03:20,293 DEBUG MeanAltitude = 29.910997887824813, CompassRad = 6.178465552059927
2021-03-09 15:03:20,648 DEBUG Rendering Elapsed time: = 0.3543462590000672,
2021-03-09 15:03:20,648 DEBUG Image Rendered
2021-03-09 15:03:20,686 DEBUG Detection Started
2021-03-09 15:03:20,897 DEBUG Detection Elapsed time: = 0.20988162900039242,
2021-03-09 15:03:20,940 DEBUG Detected
2021-03-09 15:03:20,940 DEBUG UpdatePathPlanningFlag for Path = False
2021-03-09 15:03:20,964 DEBUG Render or Add an Image
2021-03-09 15:03:20,965 DEBUG Current Frame Lat = 48.3357836307046, Lon = 14.326283836220643, Alt = 30.15, Comp = 177.0
2021-03-09 15:03:20,966 DEBUG StartingHeigth = 281.9929, Render = True, UpdatePlanningAlgo = False
2021-03-09 15:03:20,966 DEBUG CurrentImageNumber = 2, CentralCameraIndex = 17
2021-03-09 15:03:20,966 DEBUG PosX = 1.9007843301515095, PosY = -27.985543243587017,  PosZ = -311.96705457567714,  UpX = 0.10452846326765342,   UpY = 0.9945218953682733,   UpZ = 0.0
2021-03-09 15:03:20,966 DEBUG MeanAltitude = 29.95, CompassRad = 6.178465552059927
2021-03-09 15:03:21,259 DEBUG Rendering Elapsed time: = 0.2923973879996993,
2021-03-09 15:03:21,259 DEBUG Image Rendered
2021-03-09 15:03:21,296 DEBUG Detection Started
2021-03-09 15:03:21,504 DEBUG Detection Elapsed time: = 0.20768325900007767,
2021-03-09 15:03:21,538 DEBUG Detected
2021-03-09 15:03:21,538 DEBUG UpdatePathPlanningFlag for Path = False
2021-03-09 15:03:21,581 DEBUG Render or Add an Image
2021-03-09 15:03:21,584 DEBUG Current Frame Lat = 48.33577457017886, Lon = 14.32628410756887, Alt = 30.15, Comp = 177.0
2021-03-09 15:03:21,587 DEBUG StartingHeigth = 281.9929, Render = True, UpdatePlanningAlgo = False
2021-03-09 15:03:21,587 DEBUG CurrentImageNumber = 3, CentralCameraIndex = 18
2021-03-09 15:03:21,588 DEBUG PosX = 1.8671505372039974, PosY = -26.934498593211174,  PosZ = -311.9890358171564,  UpX = 0.10452846326765342,   UpY = 0.9945218953682733,   UpZ = 0.0
2021-03-09 15:03:21,588 DEBUG MeanAltitude = 29.962077287838568, CompassRad = 6.178465552059927
2021-03-09 15:03:21,926 DEBUG Rendering Elapsed time: = 0.33783114799962277,
2021-03-09 15:03:21,927 DEBUG Image Rendered
2021-03-09 15:03:21,967 DEBUG Detection Started
2021-03-09 15:03:22,164 DEBUG Detection Elapsed time: = 0.19630270299967378,
2021-03-09 15:03:22,196 DEBUG Detected
2021-03-09 15:03:22,196 DEBUG UpdatePathPlanningFlag for Path = False
2021-03-09 15:03:22,215 DEBUG Render or Add an Image
2021-03-09 15:03:22,216 DEBUG Current Frame Lat = 48.33576805303804, Lon = 14.3262842, Alt = 30.15, Comp = 177.0
2021-03-09 15:03:22,216 DEBUG StartingHeigth = 281.9929, Render = True, UpdatePlanningAlgo = False
2021-03-09 15:03:22,216 DEBUG CurrentImageNumber = 4, CentralCameraIndex = 19
2021-03-09 15:03:22,216 DEBUG PosX = 1.856274084886536, PosY = -25.95808898471296,  PosZ = -311.9429,  UpX = 0.10452846326765342,   UpY = 0.9945218953682733,   UpZ = 0.0
2021-03-09 15:03:22,217 DEBUG MeanAltitude = 29.985145196416738, CompassRad = 6.178465552059927
2021-03-09 15:03:22,534 DEBUG Rendering Elapsed time: = 0.3169450179998421,
2021-03-09 15:03:22,534 DEBUG Image Rendered
2021-03-09 15:03:22,568 DEBUG Detection Started
2021-03-09 15:03:22,748 DEBUG Detection Elapsed time: = 0.18053822199999559,
2021-03-09 15:03:22,781 DEBUG Detected
2021-03-09 15:03:22,781 DEBUG UpdatePathPlanningFlag for Path = False
2021-03-09 15:03:22,824 DEBUG Render or Add an Image
2021-03-09 15:03:22,826 DEBUG Current Frame Lat = 48.33575902620567, Lon = 14.326284105487202, Alt = 30.15, Comp = 177.0
2021-03-09 15:03:22,839 DEBUG StartingHeigth = 281.9929, Render = True, UpdatePlanningAlgo = False
2021-03-09 15:03:22,839 DEBUG CurrentImageNumber = 5, CentralCameraIndex = 20
2021-03-09 15:03:22,840 DEBUG PosX = 1.843244764721021, PosY = -25.056883577257395,  PosZ = -311.9429,  UpX = 0.10452846326765342,   UpY = 0.9945218953682733,   UpZ = 0.0
2021-03-09 15:03:22,840 DEBUG MeanAltitude = 30.029748922969095, CompassRad = 6.178465552059927
2021-03-09 15:03:23,225 DEBUG Rendering Elapsed time: = 0.3845055369997681,
2021-03-09 15:03:23,225 DEBUG Image Rendered
2021-03-09 15:03:23,268 DEBUG Detection Started
2021-03-09 15:03:23,469 DEBUG Detection Elapsed time: = 0.20023675899983573,
2021-03-09 15:03:23,505 DEBUG Detected
2021-03-09 15:03:23,506 DEBUG UpdatePathPlanningFlag for Path = False
2021-03-09 15:03:23,548 DEBUG Render or Add an Image
2021-03-09 15:03:23,549 DEBUG Current Frame Lat = 48.33574936301829, Lon = 14.32628360958931, Alt = 30.11369866392173, Comp = 177.0
2021-03-09 15:03:23,549 DEBUG StartingHeigth = 281.9929, Render = True, UpdatePlanningAlgo = False
2021-03-09 15:03:23,549 DEBUG CurrentImageNumber = 6, CentralCameraIndex = 21
2021-03-09 15:03:23,549 DEBUG PosX = 1.8285396246355958, PosY = -24.020544392988086,  PosZ = -312.0562620287819,  UpX = 0.10452846326765342,   UpY = 0.9945218953682733,   UpZ = 0.0
2021-03-09 15:03:23,549 DEBUG MeanAltitude = 30.088530346351792, CompassRad = 6.178465552059927
2021-03-09 15:03:23,894 DEBUG Rendering Elapsed time: = 0.3447091289999662,
2021-03-09 15:03:23,895 DEBUG Image Rendered
2021-03-09 15:03:23,933 DEBUG Detection Started
2021-03-09 15:03:24,151 DEBUG Detection Elapsed time: = 0.2171773889999713,
2021-03-09 15:03:24,199 DEBUG Detected
2021-03-09 15:03:24,200 DEBUG UpdatePathPlanningFlag for Path = False
2021-03-09 15:03:24,231 DEBUG Render or Add an Image
2021-03-09 15:03:24,232 DEBUG Current Frame Lat = 48.33573975535694, Lon = 14.326282922041562, Alt = 30.05, Comp = 177.0
2021-03-09 15:03:24,232 DEBUG StartingHeigth = 281.9929, Render = True, UpdatePlanningAlgo = False
2021-03-09 15:03:24,232 DEBUG CurrentImageNumber = 7, CentralCameraIndex = 22
2021-03-09 15:03:24,233 DEBUG PosX = 1.797297129582148, PosY = -23.077409849502146,  PosZ = -312.23556361026664,  UpX = 0.10452846326765342,   UpY = 0.9945218953682733,   UpZ = 0.0
2021-03-09 15:03:24,233 DEBUG MeanAltitude = 30.088530346351792, CompassRad = 6.178465552059927
2021-03-09 15:03:24,599 DEBUG Rendering Elapsed time: = 0.36579720300005647,
2021-03-09 15:03:24,599 DEBUG Image Rendered
2021-03-09 15:03:24,639 DEBUG Detection Started
2021-03-09 15:03:24,827 DEBUG Detection Elapsed time: = 0.1869121670001732,
2021-03-09 15:03:24,860 DEBUG Detected
2021-03-09 15:03:24,861 DEBUG UpdatePathPlanningFlag for Path = False
2021-03-09 15:03:24,881 DEBUG Render or Add an Image
2021-03-09 15:03:24,882 DEBUG Current Frame Lat = 48.335730512090365, Lon = 14.326282178694658, Alt = 13.957957550925489, Comp = 177.0
2021-03-09 15:03:24,882 DEBUG StartingHeigth = 281.9929, Render = True, UpdatePlanningAlgo = False
2021-03-09 15:03:24,882 DEBUG CurrentImageNumber = 8, CentralCameraIndex = 23
2021-03-09 15:03:24,883 DEBUG PosX = 1.7668061702279374, PosY = -22.124332630075514,  PosZ = -312.2429,  UpX = 0.10452846326765342,   UpY = 0.9945218953682733,   UpZ = 0.0
2021-03-09 15:03:24,883 DEBUG MeanAltitude = 30.088530346351792, CompassRad = 6.178465552059927
2021-03-09 15:03:25,212 DEBUG Rendering Elapsed time: = 0.3289335370000117,
2021-03-09 15:03:25,212 DEBUG Image Rendered
2021-03-09 15:03:25,256 DEBUG Detection Started
2021-03-09 15:03:25,468 DEBUG Detection Elapsed time: = 0.2106995930002995,
2021-03-09 15:03:25,506 DEBUG Detected
2021-03-09 15:03:25,506 DEBUG UpdatePathPlanningFlag for Path = False
2021-03-09 15:03:25,550 DEBUG Render or Add an Image
2021-03-09 15:03:25,551 DEBUG Current Frame Lat = 48.335720684372895, Lon = 14.326281493096888, Alt = 30.05, Comp = 177.0
2021-03-09 15:03:25,552 DEBUG StartingHeigth = 281.9929, Render = True, UpdatePlanningAlgo = False
2021-03-09 15:03:25,552 DEBUG CurrentImageNumber = 9, CentralCameraIndex = 24
2021-03-09 15:03:25,552 DEBUG PosX = 1.736008841311559, PosY = -21.190978651866317,  PosZ = -312.2429,  UpX = 0.10452846326765342,   UpY = 0.9945218953682733,   UpZ = 0.0
2021-03-09 15:03:25,552 DEBUG MeanAltitude = 30.088530346351792, CompassRad = 6.178465552059927
2021-03-09 15:03:25,909 DEBUG Rendering Elapsed time: = 0.35612907399990945,
2021-03-09 15:03:25,909 DEBUG Image Rendered
2021-03-09 15:03:25,957 DEBUG Detection Started
2021-03-09 15:03:26,173 DEBUG Detection Elapsed time: = 0.21605353700033447,
2021-03-09 15:03:26,213 DEBUG Detected
2021-03-09 15:03:26,214 DEBUG UpdatePathPlanningFlag for Path = False
2021-03-09 15:03:26,245 DEBUG Render or Add an Image
2021-03-09 15:03:26,246 DEBUG Current Frame Lat = 48.33571003926691, Lon = 14.326280915421224, Alt = 30.080763129503307, Comp = 177.0
2021-03-09 15:03:26,247 DEBUG StartingHeigth = 281.9929, Render = True, UpdatePlanningAlgo = False
2021-03-09 15:03:26,247 DEBUG CurrentImageNumber = 10, CentralCameraIndex = 25
2021-03-09 15:03:26,247 DEBUG PosX = 1.6987165540922433, PosY = -20.166558012366295,  PosZ = -312.21449819606244,  UpX = 0.10452846326765342,   UpY = 0.9945218953682733,   UpZ = 0.0
2021-03-09 15:03:26,248 DEBUG MeanAltitude = 30.097230896712517, CompassRad = 6.178465552059927
2021-03-09 15:03:26,603 DEBUG Rendering Elapsed time: = 0.35495546199990713,
2021-03-09 15:03:26,604 DEBUG Image Rendered
2021-03-09 15:03:26,645 DEBUG Detection Started
2021-03-09 15:03:26,850 DEBUG Detection Elapsed time: = 0.20528266700011955,
2021-03-09 15:03:26,892 DEBUG Detected
2021-03-09 15:03:26,892 DEBUG UpdatePathPlanningFlag for Path = False
2021-03-09 15:03:26,930 DEBUG Render or Add an Image
2021-03-09 15:03:26,932 DEBUG Current Frame Lat = 48.33570109498681, Lon = 14.32628070440279, Alt = 30.004402788306862, Comp = 177.0
2021-03-09 15:03:26,932 DEBUG StartingHeigth = 281.9929, Render = True, UpdatePlanningAlgo = False
2021-03-09 15:03:26,933 DEBUG CurrentImageNumber = 11, CentralCameraIndex = 26
2021-03-09 15:03:26,933 DEBUG PosX = 1.6619627759209834, PosY = -18.946264112368226,  PosZ = -312.1929,  UpX = 0.10452846326765342,   UpY = 0.9945218953682733,   UpZ = 0.0
2021-03-09 15:03:26,933 DEBUG MeanAltitude = 30.097230896712517, CompassRad = 6.178465552059927
2021-03-09 15:03:27,295 DEBUG Rendering Elapsed time: = 0.3613529079998443,
2021-03-09 15:03:27,295 DEBUG Image Rendered
2021-03-09 15:03:27,338 DEBUG Detection Started
2021-03-09 15:03:27,562 DEBUG Detection Elapsed time: = 0.22353720299997804,
2021-03-09 15:03:27,600 DEBUG Detected
2021-03-09 15:03:27,600 DEBUG UpdatePathPlanningFlag for Path = False
2021-03-09 15:03:27,622 DEBUG Render or Add an Image
2021-03-09 15:03:27,623 DEBUG Current Frame Lat = 48.33569245802587, Lon = 14.32628125120683, Alt = 29.95, Comp = 177.0
2021-03-09 15:03:27,624 DEBUG StartingHeigth = 281.9929, Render = True, UpdatePlanningAlgo = False
2021-03-09 15:03:27,624 DEBUG CurrentImageNumber = 12, CentralCameraIndex = 27
2021-03-09 15:03:27,624 DEBUG PosX = 1.6333421940798871, PosY = -18.036464555189013,  PosZ = -312.1929,  UpX = 0.10452846326765342,   UpY = 0.9945218953682733,   UpZ = 0.0
2021-03-09 15:03:27,624 DEBUG MeanAltitude = 30.097230896712517, CompassRad = 6.178465552059927
2021-03-09 15:03:27,966 DEBUG Rendering Elapsed time: = 0.3410092590002023,
2021-03-09 15:03:27,966 DEBUG Image Rendered
2021-03-09 15:03:27,998 DEBUG Detection Started
2021-03-09 15:03:28,217 DEBUG Detection Elapsed time: = 0.2183428879998246,
2021-03-09 15:03:28,284 DEBUG Detected
2021-03-09 15:03:28,284 DEBUG UpdatePathPlanningFlag for Path = False
2021-03-09 15:03:28,317 DEBUG Render or Add an Image
2021-03-09 15:03:28,319 DEBUG Current Frame Lat = 48.33568373652211, Lon = 14.32628196715117, Alt = 29.95, Comp = 177.0
2021-03-09 15:03:28,319 DEBUG StartingHeigth = 281.9929, Render = True, UpdatePlanningAlgo = False
2021-03-09 15:03:28,319 DEBUG CurrentImageNumber = 13, CentralCameraIndex = 28
2021-03-09 15:03:28,319 DEBUG PosX = 1.620939847372938, PosY = -17.013466738164425,  PosZ = -312.21594259283336,  UpX = 0.10452846326765342,   UpY = 0.9945218953682733,   UpZ = 0.0
2021-03-09 15:03:28,320 DEBUG MeanAltitude = 30.097230896712517, CompassRad = 6.178465552059927
2021-03-09 15:03:28,693 DEBUG Rendering Elapsed time: = 0.3725023140000303,
2021-03-09 15:03:28,693 DEBUG Image Rendered
2021-03-09 15:03:28,728 DEBUG Detection Started
2021-03-09 15:03:28,965 DEBUG Detection Elapsed time: = 0.23603798100020867,
2021-03-09 15:03:29,002 DEBUG Detected
2021-03-09 15:03:29,002 DEBUG UpdatePathPlanningFlag for Path = False
2021-03-09 15:03:29,063 DEBUG Render or Add an Image
2021-03-09 15:03:29,064 DEBUG Current Frame Lat = 48.33567389470948, Lon = 14.326283009429002, Alt = 29.952357250512975, Comp = 177.0
2021-03-09 15:03:29,065 DEBUG StartingHeigth = 281.9929, Render = True, UpdatePlanningAlgo = False
2021-03-09 15:03:29,065 DEBUG CurrentImageNumber = 14, CentralCameraIndex = 29
2021-03-09 15:03:29,065 DEBUG PosX = 1.6140493366401643, PosY = -15.728782311081886,  PosZ = -312.2429,  UpX = 0.10452846326765342,   UpY = 0.9945218953682733,   UpZ = 0.0
2021-03-09 15:03:29,065 DEBUG MeanAltitude = 30.097230896712517, CompassRad = 6.178465552059927
2021-03-09 15:03:29,398 DEBUG Rendering Elapsed time: = 0.3328719999999521,
2021-03-09 15:03:29,399 DEBUG Image Rendered
2021-03-09 15:03:29,441 DEBUG Detection Started
2021-03-09 15:03:29,642 DEBUG Detection Elapsed time: = 0.20087477800007036,
2021-03-09 15:03:29,697 DEBUG Detected
2021-03-09 15:03:29,698 DEBUG UpdatePathPlanningFlag for Path = False
2021-03-09 15:03:29,720 DEBUG Render or Add an Image
2021-03-09 15:03:29,722 DEBUG Current Frame Lat = 48.33566356688158, Lon = 14.326283975997537, Alt = 30.08657151647537, Comp = 177.0
2021-03-09 15:03:29,722 DEBUG StartingHeigth = 281.9929, Render = True, UpdatePlanningAlgo = False
2021-03-09 15:03:29,722 DEBUG CurrentImageNumber = 15, CentralCameraIndex = 0
2021-03-09 15:03:29,723 DEBUG PosX = 1.6226207560976036, PosY = -14.913079678080976,  PosZ = -312.23864195287615,  UpX = 0.10452846326765342,   UpY = 0.9945218953682733,   UpZ = 0.0
2021-03-09 15:03:29,723 DEBUG MeanAltitude = 30.10013509019855, CompassRad = 6.178465552059927
2021-03-09 15:03:30,049 DEBUG Rendering Elapsed time: = 0.32557764800003497,
2021-03-09 15:03:30,050 DEBUG Image Rendered
2021-03-09 15:03:30,087 DEBUG Detection Started
2021-03-09 15:03:30,274 DEBUG Detection Elapsed time: = 0.1865320930000962,
2021-03-09 15:03:30,306 DEBUG Detected
2021-03-09 15:03:30,306 DEBUG UpdatePathPlanningFlag for Path = False
2021-03-09 15:03:30,344 DEBUG Render or Add an Image
2021-03-09 15:03:30,346 DEBUG Current Frame Lat = 48.335654913174096, Lon = 14.326284847593975, Alt = 30.055443072306716, Comp = 177.0
2021-03-09 15:03:30,346 DEBUG StartingHeigth = 281.9929, Render = True, UpdatePlanningAlgo = False
2021-03-09 15:03:30,346 DEBUG CurrentImageNumber = 16, CentralCameraIndex = 1
2021-03-09 15:03:30,347 DEBUG PosX = 1.6410391253302805, PosY = -13.948058237321675,  PosZ = -312.1781600621368,  UpX = 0.10452846326765342,   UpY = 0.9945218953682733,   UpZ = 0.0
2021-03-09 15:03:30,347 DEBUG MeanAltitude = 30.10013509019855, CompassRad = 6.178465552059927
2021-03-09 15:03:30,653 DEBUG Rendering Elapsed time: = 0.30546135199983837,
2021-03-09 15:03:30,653 DEBUG Image Rendered
2021-03-09 15:03:30,687 DEBUG Detection Started
2021-03-09 15:03:30,873 DEBUG Detection Elapsed time: = 0.18572053599973515,
2021-03-09 15:03:30,905 DEBUG Detected
2021-03-09 15:03:30,906 DEBUG UpdatePathPlanningFlag for Path = False
2021-03-09 15:03:30,938 DEBUG Render or Add an Image
2021-03-09 15:03:30,939 DEBUG Current Frame Lat = 48.33564896228025, Lon = 14.326285321573895, Alt = 30.1464721683988, Comp = 177.0
2021-03-09 15:03:30,940 DEBUG StartingHeigth = 281.9929, Render = True, UpdatePlanningAlgo = False
2021-03-09 15:03:30,940 DEBUG CurrentImageNumber = 17, CentralCameraIndex = 2
2021-03-09 15:03:30,940 DEBUG PosX = 1.6637993784970604, PosY = -12.761088500730693,  PosZ = -312.1429,  UpX = 0.10452846326765342,   UpY = 0.9945218953682733,   UpZ = 0.0
2021-03-09 15:03:30,941 DEBUG MeanAltitude = 30.130085416160266, CompassRad = 6.178465552059927
2021-03-09 15:03:31,248 DEBUG Rendering Elapsed time: = 0.30674603700026637,
2021-03-09 15:03:31,248 DEBUG Image Rendered
2021-03-09 15:03:31,282 DEBUG Detection Started
2021-03-09 15:03:31,479 DEBUG Detection Elapsed time: = 0.19706372199971156,
2021-03-09 15:03:31,510 DEBUG Detected
2021-03-09 15:03:31,511 DEBUG UpdatePathPlanningFlag for Path = False
2021-03-09 15:03:31,547 DEBUG Render or Add an Image
2021-03-09 15:03:31,548 DEBUG Current Frame Lat = 48.33563954426673, Lon = 14.326285798102852, Alt = 30.2, Comp = 177.0
2021-03-09 15:03:31,548 DEBUG StartingHeigth = 281.9929, Render = True, UpdatePlanningAlgo = False
2021-03-09 15:03:31,549 DEBUG CurrentImageNumber = 18, CentralCameraIndex = 3
2021-03-09 15:03:31,549 DEBUG PosX = 1.675061905873008, PosY = -11.753820919431746,  PosZ = -312.1429,  UpX = 0.10452846326765342,   UpY = 0.9945218953682733,   UpZ = 0.0
2021-03-09 15:03:31,549 DEBUG MeanAltitude = 30.1482360841994, CompassRad = 6.178465552059927
2021-03-09 15:03:31,898 DEBUG Rendering Elapsed time: = 0.3490311109999311,
2021-03-09 15:03:31,899 DEBUG Image Rendered
2021-03-09 15:03:31,930 DEBUG Detection Started
2021-03-09 15:03:32,152 DEBUG Detection Elapsed time: = 0.22018979599988597,
2021-03-09 15:03:32,188 DEBUG Detected
2021-03-09 15:03:32,189 DEBUG UpdatePathPlanningFlag for Path = False
2021-03-09 15:03:32,221 DEBUG Render or Add an Image
2021-03-09 15:03:32,223 DEBUG Current Frame Lat = 48.335632495161036, Lon = 14.3262859, Alt = 30.00010369199949, Comp = 177.0
2021-03-09 15:03:32,224 DEBUG StartingHeigth = 281.9929, Render = True, UpdatePlanningAlgo = False
2021-03-09 15:03:32,224 DEBUG CurrentImageNumber = 19, CentralCameraIndex = 4
2021-03-09 15:03:32,224 DEBUG PosX = 1.6755484049790539, PosY = -11.029370839707553,  PosZ = -312.1429,  UpX = 0.10452846326765342,   UpY = 0.9945218953682733,   UpZ = 0.0
2021-03-09 15:03:32,225 DEBUG MeanAltitude = 30.1482360841994, CompassRad = 6.178465552059927
2021-03-09 15:03:32,571 DEBUG Rendering Elapsed time: = 0.34613035199981823,
2021-03-09 15:03:32,572 DEBUG Image Rendered
2021-03-09 15:03:32,616 DEBUG Detection Started
2021-03-09 15:03:32,818 DEBUG Detection Elapsed time: = 0.20165072200006762,
2021-03-09 15:03:32,857 DEBUG Detected
2021-03-09 15:03:32,857 DEBUG UpdatePathPlanningFlag for Path = False
2021-03-09 15:03:32,877 DEBUG Render or Add an Image
2021-03-09 15:03:32,882 DEBUG Current Frame Lat = 48.335624278437635, Lon = 14.326285865098216, Alt = 30.141274554576707, Comp = 177.0
2021-03-09 15:03:32,883 DEBUG StartingHeigth = 281.9929, Render = True, UpdatePlanningAlgo = False
2021-03-09 15:03:32,883 DEBUG CurrentImageNumber = 20, CentralCameraIndex = 5
2021-03-09 15:03:32,883 DEBUG PosX = 1.6597300306893885, PosY = -10.026086517609656,  PosZ = -312.1429,  UpX = 0.10452846326765342,   UpY = 0.9945218953682733,   UpZ = 0.0
2021-03-09 15:03:32,884 DEBUG MeanAltitude = 30.1482360841994, CompassRad = 6.178465552059927
2021-03-09 15:03:33,239 DEBUG Rendering Elapsed time: = 0.3547032589999617,
2021-03-09 15:03:33,239 DEBUG Image Rendered
2021-03-09 15:03:33,279 DEBUG Detection Started
2021-03-09 15:03:33,522 DEBUG Detection Elapsed time: = 0.24195499999996173,
2021-03-09 15:03:33,557 DEBUG Detected
2021-03-09 15:03:33,557 DEBUG UpdatePathPlanningFlag for Path = False
2021-03-09 15:03:33,585 DEBUG Render or Add an Image
2021-03-09 15:03:33,586 DEBUG Current Frame Lat = 48.33561607806782, Lon = 14.326285632724106, Alt = 30.1, Comp = 177.0
2021-03-09 15:03:33,587 DEBUG StartingHeigth = 281.9929, Render = True, UpdatePlanningAlgo = False
2021-03-09 15:03:33,587 DEBUG CurrentImageNumber = 21, CentralCameraIndex = 6
2021-03-09 15:03:33,587 DEBUG PosX = 1.6135438065975904, PosY = -8.95233170222491,  PosZ = -312.1065986639218,  UpX = 0.10452846326765342,   UpY = 0.9945218953682733,   UpZ = 0.0
2021-03-09 15:03:33,587 DEBUG MeanAltitude = 30.1482360841994, CompassRad = 6.178465552059927
2021-03-09 15:03:33,933 DEBUG Rendering Elapsed time: = 0.34540820299980624,
2021-03-09 15:03:33,933 DEBUG Image Rendered
2021-03-09 15:03:33,971 DEBUG Detection Started
2021-03-09 15:03:34,191 DEBUG Detection Elapsed time: = 0.21862003699970955,
2021-03-09 15:03:34,226 DEBUG Detected
2021-03-09 15:03:34,227 DEBUG UpdatePathPlanningFlag for Path = False
2021-03-09 15:03:34,259 DEBUG Render or Add an Image
2021-03-09 15:03:34,260 DEBUG Current Frame Lat = 48.335604374597246, Lon = 14.32628501229558, Alt = 29.953688674224978, Comp = 177.0
2021-03-09 15:03:34,260 DEBUG StartingHeigth = 281.9929, Render = True, UpdatePlanningAlgo = False
2021-03-09 15:03:34,261 DEBUG CurrentImageNumber = 22, CentralCameraIndex = 7
2021-03-09 15:03:34,261 DEBUG PosX = 1.5532086893799715, PosY = -7.884873459115624,  PosZ = -312.04290000000003,  UpX = 0.10452846326765342,   UpY = 0.9945218953682733,   UpZ = 0.0
2021-03-09 15:03:34,261 DEBUG MeanAltitude = 30.143873361487756, CompassRad = 6.178465552059927
2021-03-09 15:03:34,596 DEBUG Rendering Elapsed time: = 0.3346697409997432,
2021-03-09 15:03:34,596 DEBUG Image Rendered
2021-03-09 15:03:34,631 DEBUG Detection Started
2021-03-09 15:03:34,837 DEBUG Detection Elapsed time: = 0.2049479069996778,
2021-03-09 15:03:34,896 DEBUG Detected
2021-03-09 15:03:34,896 DEBUG UpdatePathPlanningFlag for Path = False
2021-03-09 15:03:34,945 DEBUG Render or Add an Image
2021-03-09 15:03:34,946 DEBUG Current Frame Lat = 48.335594572470214, Lon = 14.326284436089452, Alt = 29.9, Comp = 177.0
2021-03-09 15:03:34,947 DEBUG StartingHeigth = 281.9929, Render = True, UpdatePlanningAlgo = False
2021-03-09 15:03:34,947 DEBUG CurrentImageNumber = 23, CentralCameraIndex = 8
2021-03-09 15:03:34,947 DEBUG PosX = 1.4890941032208502, PosY = -6.857954567298293,  PosZ = -312.0814303463518,  UpX = 0.10452846326765342,   UpY = 0.9945218953682733,   UpZ = 0.0
2021-03-09 15:03:34,947 DEBUG MeanAltitude = 30.127486609249218, CompassRad = 6.178465552059927
2021-03-09 15:03:35,339 DEBUG Rendering Elapsed time: = 0.38998568499982866,
2021-03-09 15:03:35,340 DEBUG Image Rendered
2021-03-09 15:03:35,381 DEBUG Detection Started
2021-03-09 15:03:35,603 DEBUG Detection Elapsed time: = 0.22114381500023228,
2021-03-09 15:03:35,639 DEBUG Detected
2021-03-09 15:03:35,639 DEBUG UpdatePathPlanningFlag for Path = False
2021-03-09 15:03:35,666 DEBUG Render or Add an Image
2021-03-09 15:03:35,668 DEBUG Current Frame Lat = 48.33558486999558, Lon = 14.326283893146666, Alt = 29.9, Comp = 177.0
2021-03-09 15:03:35,669 DEBUG StartingHeigth = 281.9929, Render = True, UpdatePlanningAlgo = False
2021-03-09 15:03:35,669 DEBUG CurrentImageNumber = 24, CentralCameraIndex = 9
2021-03-09 15:03:35,669 DEBUG PosX = 1.4286885908222757, PosY = -5.766035495325923,  PosZ = -312.04290000000003,  UpX = 0.10452846326765342,   UpY = 0.9945218953682733,   UpZ = 0.0
2021-03-09 15:03:35,670 DEBUG MeanAltitude = 30.106849331960866, CompassRad = 6.178465552059927
2021-03-09 15:03:36,034 DEBUG Rendering Elapsed time: = 0.36388433299998724,
2021-03-09 15:03:36,034 DEBUG Image Rendered
2021-03-09 15:03:36,069 DEBUG Detection Started
2021-03-09 15:03:36,257 DEBUG Detection Elapsed time: = 0.18750340699989465,
2021-03-09 15:03:36,291 DEBUG Detected
2021-03-09 15:03:36,292 DEBUG UpdatePathPlanningFlag for Path = False
2021-03-09 15:03:36,315 DEBUG Render or Add an Image
2021-03-09 15:03:36,316 DEBUG Current Frame Lat = 48.33557656873, Lon = 14.326283544841816, Alt = 29.9, Comp = 177.0
2021-03-09 15:03:36,317 DEBUG StartingHeigth = 281.9929, Render = True, UpdatePlanningAlgo = False
2021-03-09 15:03:36,317 DEBUG CurrentImageNumber = 25, CentralCameraIndex = 10
2021-03-09 15:03:36,317 DEBUG PosX = 1.3754830072284676, PosY = -4.583192213438451,  PosZ = -312.0736631295033,  UpX = 0.10452846326765342,   UpY = 0.9945218953682733,   UpZ = 0.0
2021-03-09 15:03:36,317 DEBUG MeanAltitude = 30.093285758237684, CompassRad = 6.178465552059927
2021-03-09 15:03:36,649 DEBUG Rendering Elapsed time: = 0.3314193520000117,
2021-03-09 15:03:36,650 DEBUG Image Rendered
2021-03-09 15:03:36,681 DEBUG Detection Started
2021-03-09 15:03:36,899 DEBUG Detection Elapsed time: = 0.21764787100028116,
2021-03-09 15:03:36,933 DEBUG Detected
2021-03-09 15:03:36,934 DEBUG UpdatePathPlanningFlag for Path = False
2021-03-09 15:03:36,956 DEBUG Render or Add an Image
2021-03-09 15:03:36,957 DEBUG Current Frame Lat = 48.33556767581655, Lon = 14.326283491208684, Alt = 29.9043956581089, Comp = 177.0
2021-03-09 15:03:36,957 DEBUG StartingHeigth = 281.9929, Render = True, UpdatePlanningAlgo = False
2021-03-09 15:03:36,958 DEBUG CurrentImageNumber = 26, CentralCameraIndex = 11
2021-03-09 15:03:36,958 DEBUG PosX = 1.3511110001709312, PosY = -3.5891595585271716,  PosZ = -311.9973027883069,  UpX = 0.10452846326765342,   UpY = 0.9945218953682733,   UpZ = 0.0
2021-03-09 15:03:36,958 DEBUG MeanAltitude = 30.08366732298934, CompassRad = 6.178465552059927
2021-03-09 15:03:37,268 DEBUG Rendering Elapsed time: = 0.3101039990001482,
2021-03-09 15:03:37,269 DEBUG Image Rendered
2021-03-09 15:03:37,306 DEBUG Detection Started
2021-03-09 15:03:37,513 DEBUG Detection Elapsed time: = 0.20646850000002814,
2021-03-09 15:03:37,559 DEBUG Detected
2021-03-09 15:03:37,560 DEBUG UpdatePathPlanningFlag for Path = False
2021-03-09 15:03:37,601 DEBUG Render or Add an Image
2021-03-09 15:03:37,602 DEBUG Current Frame Lat = 48.335559078672986, Lon = 14.326283459755691, Alt = 21.001585341432484, Comp = 177.0
2021-03-09 15:03:37,602 DEBUG StartingHeigth = 281.9929, Render = True, UpdatePlanningAlgo = False
2021-03-09 15:03:37,602 DEBUG CurrentImageNumber = 27, CentralCameraIndex = 12
2021-03-09 15:03:37,603 DEBUG PosX = 1.3832010603509843, PosY = -2.628792516887188,  PosZ = -311.9429,  UpX = 0.10452846326765342,   UpY = 0.9945218953682733,   UpZ = 0.0
2021-03-09 15:03:37,603 DEBUG MeanAltitude = 30.068103100905013, CompassRad = 6.178465552059927
2021-03-09 15:03:37,921 DEBUG Rendering Elapsed time: = 0.31813826000006884,
2021-03-09 15:03:37,922 DEBUG Image Rendered
2021-03-09 15:03:37,967 DEBUG Detection Started
2021-03-09 15:03:38,190 DEBUG Detection Elapsed time: = 0.22237748100042154,
2021-03-09 15:03:38,228 DEBUG Detected
2021-03-09 15:03:38,228 DEBUG UpdatePathPlanningFlag for Path = False
2021-03-09 15:03:38,257 DEBUG Render or Add an Image
2021-03-09 15:03:38,258 DEBUG Current Frame Lat = 48.33555098575534, Lon = 14.326283734427827, Alt = 6.74379598791728, Comp = 177.0
2021-03-09 15:03:38,258 DEBUG StartingHeigth = 281.9929, Render = True, UpdatePlanningAlgo = False
2021-03-09 15:03:38,258 DEBUG CurrentImageNumber = 28, CentralCameraIndex = 13
2021-03-09 15:03:38,259 DEBUG PosX = 1.427743520704098, PosY = -1.658918303437531,  PosZ = -311.9429,  UpX = 0.10452846326765342,   UpY = 0.9945218953682733,   UpZ = 0.0
2021-03-09 15:03:38,259 DEBUG MeanAltitude = 30.052721536153356, CompassRad = 6.178465552059927
2021-03-09 15:03:38,600 DEBUG Rendering Elapsed time: = 0.34073994400023366,
2021-03-09 15:03:38,600 DEBUG Image Rendered
2021-03-09 15:03:38,636 DEBUG Detection Started
2021-03-09 15:03:38,862 DEBUG Detection Elapsed time: = 0.22595922199980123,
2021-03-09 15:03:38,904 DEBUG Detected
2021-03-09 15:03:38,905 DEBUG UpdatePathPlanningFlag for Path = False
2021-03-09 15:03:38,940 DEBUG Render or Add an Image
2021-03-09 15:03:38,944 DEBUG Current Frame Lat = 48.335541872612865, Lon = 14.326284127800884, Alt = 26.478010998373477, Comp = 177.0
2021-03-09 15:03:38,945 DEBUG StartingHeigth = 281.9929, Render = True, UpdatePlanningAlgo = False
2021-03-09 15:03:38,945 DEBUG CurrentImageNumber = 29, CentralCameraIndex = 14
2021-03-09 15:03:38,945 DEBUG PosX = 1.4953765795798972, PosY = -0.5643076421692967,  PosZ = -311.945257250513,  UpX = 0.10452846326765342,   UpY = 0.9945218953682733,   UpZ = 0.0
2021-03-09 15:03:38,945 DEBUG MeanAltitude = 30.05, CompassRad = 6.178465552059927
2021-03-09 15:03:39,330 DEBUG Rendering Elapsed time: = 0.384317407999788,
2021-03-09 15:03:39,331 DEBUG Image Rendered
2021-03-09 15:03:39,369 DEBUG Detection Started
2021-03-09 15:03:39,592 DEBUG Detection Elapsed time: = 0.2228710559998035,
2021-03-09 15:03:39,644 DEBUG Detected
2021-03-09 15:03:39,645 DEBUG UpdatePathPlanningFlag for Path = False
2021-03-09 15:03:39,669 DEBUG Render or Add an Image
2021-03-09 15:03:39,670 DEBUG Current Frame Lat = 48.335533192772544, Lon = 14.326284496080032, Alt = 30.05065332775827, Comp = 177.0
2021-03-09 15:03:39,670 DEBUG StartingHeigth = 281.9929, Render = True, UpdatePlanningAlgo = False
2021-03-09 15:03:39,671 DEBUG CurrentImageNumber = 0, CentralCameraIndex = 15
2021-03-09 15:03:39,671 DEBUG PosX = 1.5569243153440766, PosY = 0.5842750491574407,  PosZ = -312.0794715164754,  UpX = 0.10452846326765342,   UpY = 0.9945218953682733,   UpZ = 0.0
2021-03-09 15:03:39,671 DEBUG MeanAltitude = 30.05, CompassRad = 6.178465552059927
2021-03-09 15:03:39,995 DEBUG Rendering Elapsed time: = 0.3232994250001866,
2021-03-09 15:03:39,995 DEBUG Image Rendered
2021-03-09 15:03:40,045 DEBUG Detection Started
2021-03-09 15:03:40,259 DEBUG Detection Elapsed time: = 0.21353381500011892,
2021-03-09 15:03:40,293 DEBUG Detected
2021-03-09 15:03:40,293 DEBUG UpdatePathPlanningFlag for Path = False
2021-03-09 15:03:40,327 DEBUG Render or Add an Image
2021-03-09 15:03:40,328 DEBUG Current Frame Lat = 48.335524124866645, Lon = 14.326284985875361, Alt = 21.448151112817268, Comp = 177.0
2021-03-09 15:03:40,329 DEBUG StartingHeigth = 281.9929, Render = True, UpdatePlanningAlgo = False
2021-03-09 15:03:40,330 DEBUG CurrentImageNumber = 1, CentralCameraIndex = 16
2021-03-09 15:03:40,330 DEBUG PosX = 1.6130683816736564, PosY = 1.5467149326577783,  PosZ = -312.04834307230675,  UpX = 0.10452846326765342,   UpY = 0.9945218953682733,   UpZ = 0.0
2021-03-09 15:03:40,330 DEBUG MeanAltitude = 30.02720139415343, CompassRad = 6.178465552059927
2021-03-09 15:03:40,651 DEBUG Rendering Elapsed time: = 0.31976350000013554,
2021-03-09 15:03:40,651 DEBUG Image Rendered
2021-03-09 15:03:40,692 DEBUG Detection Started
2021-03-09 15:03:40,900 DEBUG Detection Elapsed time: = 0.20714259200030938,
2021-03-09 15:03:40,933 DEBUG Detected
2021-03-09 15:03:40,933 DEBUG UpdatePathPlanningFlag for Path = False
2021-03-09 15:03:40,954 DEBUG Render or Add an Image
2021-03-09 15:03:40,956 DEBUG Current Frame Lat = 48.335517653457906, Lon = 14.326285267240959, Alt = 6.724096053888627, Comp = 177.0
2021-03-09 15:03:40,956 DEBUG StartingHeigth = 281.9929, Render = True, UpdatePlanningAlgo = False
2021-03-09 15:03:40,956 DEBUG CurrentImageNumber = 2, CentralCameraIndex = 17
2021-03-09 15:03:40,956 DEBUG PosX = 1.6423843036172912, PosY = 2.2084742030128837,  PosZ = -312.13937216839884,  UpX = 0.10452846326765342,   UpY = 0.9945218953682733,   UpZ = 0.0
2021-03-09 15:03:40,957 DEBUG MeanAltitude = 30.002253240153177, CompassRad = 6.178465552059927
2021-03-09 15:03:41,283 DEBUG Rendering Elapsed time: = 0.3256694070000776,
2021-03-09 15:03:41,283 DEBUG Image Rendered
2021-03-09 15:03:41,316 DEBUG Detection Started
2021-03-09 15:03:41,515 DEBUG Detection Elapsed time: = 0.19906405499978064,
2021-03-09 15:03:41,547 DEBUG Detected
2021-03-09 15:03:41,547 DEBUG UpdatePathPlanningFlag for Path = False
2021-03-09 15:03:41,569 DEBUG Render or Add an Image
2021-03-09 15:03:41,570 DEBUG Current Frame Lat = 48.33550676114678, Lon = 14.326285658252948, Alt = 29.960436762755634, Comp = 177.0
2021-03-09 15:03:41,570 DEBUG StartingHeigth = 281.9929, Render = True, UpdatePlanningAlgo = False
2021-03-09 15:03:41,571 DEBUG CurrentImageNumber = 3, CentralCameraIndex = 18
2021-03-09 15:03:41,571 DEBUG PosX = 1.6685037572169676, PosY = 3.255610636435449,  PosZ = -312.1929,  UpX = 0.10452846326765342,   UpY = 0.9945218953682733,   UpZ = 0.0
2021-03-09 15:03:41,571 DEBUG MeanAltitude = 29.980270227377563, CompassRad = 6.178465552059927
2021-03-09 15:03:41,934 DEBUG Rendering Elapsed time: = 0.3625665729996399,
2021-03-09 15:03:41,934 DEBUG Image Rendered
2021-03-09 15:03:41,983 DEBUG Detection Started
2021-03-09 15:03:42,206 DEBUG Detection Elapsed time: = 0.22324762900007045,
2021-03-09 15:03:42,254 DEBUG Detected
2021-03-09 15:03:42,255 DEBUG UpdatePathPlanningFlag for Path = False
2021-03-09 15:03:42,283 DEBUG Render or Add an Image
2021-03-09 15:03:42,285 DEBUG Current Frame Lat = 48.33549831169088, Lon = 14.326285899665974, Alt = 29.95, Comp = 177.0
2021-03-09 15:03:42,300 DEBUG StartingHeigth = 281.9929, Render = True, UpdatePlanningAlgo = False
2021-03-09 15:03:42,301 DEBUG CurrentImageNumber = 4, CentralCameraIndex = 19
2021-03-09 15:03:42,301 DEBUG PosX = 1.669172406254802, PosY = 4.03919554874301,  PosZ = -311.9930036919995,  UpX = 0.10452846326765342,   UpY = 0.9945218953682733,   UpZ = 0.0
2021-03-09 15:03:42,301 DEBUG MeanAltitude = 29.957062718490306, CompassRad = 6.178465552059927
2021-03-09 15:03:42,635 DEBUG Rendering Elapsed time: = 0.3332796849999795,
2021-03-09 15:03:42,635 DEBUG Image Rendered
2021-03-09 15:03:42,666 DEBUG Detection Started
2021-03-09 15:03:42,851 DEBUG Detection Elapsed time: = 0.18466587100010656,
2021-03-09 15:03:42,885 DEBUG Detected
2021-03-09 15:03:42,885 DEBUG UpdatePathPlanningFlag for Path = False
2021-03-09 15:03:42,905 DEBUG Render or Add an Image
2021-03-09 15:03:42,906 DEBUG Current Frame Lat = 48.33548878224598, Lon = 14.326286274792972, Alt = 29.962603513981943, Comp = 177.0
2021-03-09 15:03:42,907 DEBUG StartingHeigth = 281.9929, Render = True, UpdatePlanningAlgo = False
2021-03-09 15:03:42,907 DEBUG CurrentImageNumber = 5, CentralCameraIndex = 20
2021-03-09 15:03:42,907 DEBUG PosX = 1.6585628240718506, PosY = 4.952473841607571,  PosZ = -312.1341745545767,  UpX = 0.10452846326765342,   UpY = 0.9945218953682733,   UpZ = 0.0
2021-03-09 15:03:42,907 DEBUG MeanAltitude = 29.957062718490306, CompassRad = 6.178465552059927
2021-03-09 15:03:43,241 DEBUG Rendering Elapsed time: = 0.3327128339997216,
2021-03-09 15:03:43,241 DEBUG Image Rendered
2021-03-09 15:03:43,288 DEBUG Detection Started
2021-03-09 15:03:43,506 DEBUG Detection Elapsed time: = 0.21775473999969108,
2021-03-09 15:03:43,553 DEBUG Detected
2021-03-09 15:03:43,553 DEBUG UpdatePathPlanningFlag for Path = False
2021-03-09 15:03:43,572 DEBUG Render or Add an Image
2021-03-09 15:03:43,573 DEBUG Current Frame Lat = 48.33548101819885, Lon = 14.326286448659008, Alt = 29.912164752345223, Comp = 177.0
2021-03-09 15:03:43,573 DEBUG StartingHeigth = 281.9929, Render = True, UpdatePlanningAlgo = False
2021-03-09 15:03:43,574 DEBUG CurrentImageNumber = 6, CentralCameraIndex = 21
2021-03-09 15:03:43,574 DEBUG PosX = 1.6333345770835876, PosY = 5.863805848173797,  PosZ = -312.09290000000004,  UpX = 0.10452846326765342,   UpY = 0.9945218953682733,   UpZ = 0.0
2021-03-09 15:03:43,580 DEBUG MeanAltitude = 29.953022962368976, CompassRad = 6.178465552059927
2021-03-09 15:03:43,928 DEBUG Rendering Elapsed time: = 0.34821553699975993,
2021-03-09 15:03:43,929 DEBUG Image Rendered
2021-03-09 15:03:43,981 DEBUG Detection Started
2021-03-09 15:03:44,203 DEBUG Detection Elapsed time: = 0.2206662779999533,
2021-03-09 15:03:44,251 DEBUG Detected
2021-03-09 15:03:44,252 DEBUG UpdatePathPlanningFlag for Path = False
2021-03-09 15:03:44,271 DEBUG Render or Add an Image
2021-03-09 15:03:44,273 DEBUG Current Frame Lat = 48.335471930420276, Lon = 14.326286579418412, Alt = 29.94485460330335, Comp = 177.0
2021-03-09 15:03:44,273 DEBUG StartingHeigth = 281.9929, Render = True, UpdatePlanningAlgo = False
2021-03-09 15:03:44,273 DEBUG CurrentImageNumber = 7, CentralCameraIndex = 22
2021-03-09 15:03:44,273 DEBUG PosX = 1.5759271630086005, PosY = 7.164260070770979,  PosZ = -311.946588674225,  UpX = 0.10452846326765342,   UpY = 0.9945218953682733,   UpZ = 0.0
2021-03-09 15:03:44,273 DEBUG MeanAltitude = 29.95117862525649, CompassRad = 6.178465552059927
2021-03-09 15:03:44,575 DEBUG Rendering Elapsed time: = 0.3015048519996526,
2021-03-09 15:03:44,578 DEBUG Image Rendered
2021-03-09 15:03:44,622 DEBUG Detection Started
2021-03-09 15:03:44,865 DEBUG Detection Elapsed time: = 0.24246996300007595,
2021-03-09 15:03:44,904 DEBUG Detected
2021-03-09 15:03:44,905 DEBUG UpdatePathPlanningFlag for Path = False
2021-03-09 15:03:44,931 DEBUG Render or Add an Image
2021-03-09 15:03:44,932 DEBUG Current Frame Lat = 48.33546293807805, Lon = 14.326286808027454, Alt = 29.8, Comp = 177.0
2021-03-09 15:03:44,932 DEBUG StartingHeigth = 281.9929, Render = True, UpdatePlanningAlgo = False
2021-03-09 15:03:44,932 DEBUG CurrentImageNumber = 8, CentralCameraIndex = 23
2021-03-09 15:03:44,932 DEBUG PosX = 1.5236535684089176, PosY = 8.253405925817788,  PosZ = -311.8929,  UpX = 0.10452846326765342,   UpY = 0.9945218953682733,   UpZ = 0.0
2021-03-09 15:03:44,932 DEBUG MeanAltitude = 29.95117862525649, CompassRad = 6.178465552059927
2021-03-09 15:03:45,265 DEBUG Rendering Elapsed time: = 0.3328334820002965,
2021-03-09 15:03:45,266 DEBUG Image Rendered
2021-03-09 15:03:45,302 DEBUG Detection Started
2021-03-09 15:03:45,512 DEBUG Detection Elapsed time: = 0.2101658330002465,
2021-03-09 15:03:45,545 DEBUG Detected
2021-03-09 15:03:45,546 DEBUG UpdatePathPlanningFlag for Path = False
2021-03-09 15:03:45,568 DEBUG Render or Add an Image
2021-03-09 15:03:45,569 DEBUG Current Frame Lat = 48.335454500579566, Lon = 14.326286928977108, Alt = 29.78551144614712, Comp = 177.0
2021-03-09 15:03:45,570 DEBUG StartingHeigth = 281.9929, Render = True, UpdatePlanningAlgo = False
2021-03-09 15:03:45,570 DEBUG CurrentImageNumber = 9, CentralCameraIndex = 24
2021-03-09 15:03:45,571 DEBUG PosX = 1.4739424048457295, PosY = 9.331496917642653,  PosZ = -311.8929,  UpX = 0.10452846326765342,   UpY = 0.9945218953682733,   UpZ = 0.0
2021-03-09 15:03:45,571 DEBUG MeanAltitude = 29.95, CompassRad = 6.178465552059927
2021-03-09 15:03:45,889 DEBUG Rendering Elapsed time: = 0.3181009449999692,
2021-03-09 15:03:45,890 DEBUG Image Rendered
2021-03-09 15:03:45,923 DEBUG Detection Started
2021-03-09 15:03:46,113 DEBUG Detection Elapsed time: = 0.1901168700001108,
2021-03-09 15:03:46,147 DEBUG Detected
2021-03-09 15:03:46,147 DEBUG UpdatePathPlanningFlag for Path = False
2021-03-09 15:03:46,167 DEBUG Render or Add an Image
2021-03-09 15:03:46,168 DEBUG Current Frame Lat = 48.3354446048012, Lon = 14.326287214079949, Alt = 29.714320008549915, Comp = 177.0
2021-03-09 15:03:46,168 DEBUG StartingHeigth = 281.9929, Render = True, UpdatePlanningAlgo = False
2021-03-09 15:03:46,168 DEBUG CurrentImageNumber = 10, CentralCameraIndex = 25
2021-03-09 15:03:46,169 DEBUG PosX = 1.4400239961105399, PosY = 10.253968157805502,  PosZ = -311.8929,  UpX = 0.10452846326765342,   UpY = 0.9945218953682733,   UpZ = 0.0
2021-03-09 15:03:46,169 DEBUG MeanAltitude = 29.95, CompassRad = 6.178465552059927
2021-03-09 15:03:46,469 DEBUG Rendering Elapsed time: = 0.299771888000123,
2021-03-09 15:03:46,469 DEBUG Image Rendered
2021-03-09 15:03:46,516 DEBUG Detection Started
2021-03-09 15:03:46,726 DEBUG Detection Elapsed time: = 0.20974448100014342,
2021-03-09 15:03:46,760 DEBUG Detected
2021-03-09 15:03:46,760 DEBUG UpdatePathPlanningFlag for Path = False
2021-03-09 15:03:46,782 DEBUG Render or Add an Image
2021-03-09 15:03:46,783 DEBUG Current Frame Lat = 48.33543748341964, Lon = 14.326287412041905, Alt = 29.718673650960895, Comp = 177.0
2021-03-09 15:03:46,783 DEBUG StartingHeigth = 281.9929, Render = True, UpdatePlanningAlgo = False
2021-03-09 15:03:46,784 DEBUG CurrentImageNumber = 11, CentralCameraIndex = 26
2021-03-09 15:03:46,784 DEBUG PosX = 1.4273659628233872, PosY = 11.242393775843084,  PosZ = -311.89729565810893,  UpX = 0.10452846326765342,   UpY = 0.9945218953682733,   UpZ = 0.0
2021-03-09 15:03:46,784 DEBUG MeanAltitude = 29.947427301651675, CompassRad = 6.178465552059927
2021-03-09 15:03:47,037 DEBUG Rendering Elapsed time: = 0.25267305599982137,
2021-03-09 15:03:47,037 DEBUG Image Rendered
2021-03-09 15:03:47,069 DEBUG Detection Started
2021-03-09 15:03:47,263 DEBUG Detection Elapsed time: = 0.19293870299998161,
2021-03-09 15:03:47,295 DEBUG Detected
2021-03-09 15:03:47,296 DEBUG UpdatePathPlanningFlag for Path = False
2021-03-09 15:03:47,316 DEBUG Render or Add an Image
2021-03-09 15:03:47,317 DEBUG Current Frame Lat = 48.335429042689775, Lon = 14.326287596875405, Alt = 29.749479234395093, Comp = 177.0
2021-03-09 15:03:47,317 DEBUG StartingHeigth = 281.9929, Render = True, UpdatePlanningAlgo = False
2021-03-09 15:03:47,317 DEBUG CurrentImageNumber = 12, CentralCameraIndex = 27
2021-03-09 15:03:47,317 DEBUG PosX = 1.4166404953575693, PosY = 12.197958569042385,  PosZ = -312.06100310090505,  UpX = 0.10452846326765342,   UpY = 0.9945218953682733,   UpZ = 0.0
2021-03-09 15:03:47,317 DEBUG MeanAltitude = 29.928509677824287, CompassRad = 6.178465552059927
2021-03-09 15:03:47,572 DEBUG Rendering Elapsed time: = 0.2544319250000626,
2021-03-09 15:03:47,572 DEBUG Image Rendered
2021-03-09 15:03:47,615 DEBUG Detection Started
2021-03-09 15:03:47,805 DEBUG Detection Elapsed time: = 0.1888035189999755,
2021-03-09 15:03:47,839 DEBUG Detected
2021-03-09 15:03:47,840 DEBUG UpdatePathPlanningFlag for Path = False
2021-03-09 15:03:47,859 DEBUG Render or Add an Image
2021-03-09 15:03:47,860 DEBUG Current Frame Lat = 48.335419659253056, Lon = 14.326287781253752, Alt = 29.709373123953366, Comp = 177.0
2021-03-09 15:03:47,860 DEBUG StartingHeigth = 281.9929, Render = True, UpdatePlanningAlgo = False
2021-03-09 15:03:47,860 DEBUG CurrentImageNumber = 13, CentralCameraIndex = 28
2021-03-09 15:03:47,860 DEBUG PosX = 1.4290942707448266, PosY = 13.097677199169993,  PosZ = -312.04562153615336,  UpX = 0.10452846326765342,   UpY = 0.9945218953682733,   UpZ = 0.0
2021-03-09 15:03:47,860 DEBUG MeanAltitude = 29.90828020522706, CompassRad = 6.178465552059927
2021-03-09 15:03:48,119 DEBUG Rendering Elapsed time: = 0.2583554439997897,
2021-03-09 15:03:48,119 DEBUG Image Rendered
2021-03-09 15:03:48,152 DEBUG Detection Started
2021-03-09 15:03:48,338 DEBUG Detection Elapsed time: = 0.18519901799982108,
2021-03-09 15:03:48,370 DEBUG Detected
2021-03-09 15:03:48,371 DEBUG UpdatePathPlanningFlag for Path = False
2021-03-09 15:03:48,389 DEBUG Render or Add an Image
2021-03-09 15:03:48,390 DEBUG Current Frame Lat = 48.33541042755101, Lon = 14.326287899999999, Alt = 29.779978604523407, Comp = 177.0
2021-03-09 15:03:48,390 DEBUG StartingHeigth = 281.9929, Render = True, UpdatePlanningAlgo = False
2021-03-09 15:03:48,390 DEBUG CurrentImageNumber = 14, CentralCameraIndex = 29
2021-03-09 15:03:48,390 DEBUG PosX = 1.4493487916770391, PosY = 14.110872610472143,  PosZ = -312.04290000000003,  UpX = 0.10452846326765342,   UpY = 0.9945218953682733,   UpZ = 0.0
2021-03-09 15:03:48,391 DEBUG MeanAltitude = 29.90219782905445, CompassRad = 6.178465552059927
2021-03-09 15:03:48,650 DEBUG Rendering Elapsed time: = 0.2593755370003237,
2021-03-09 15:03:48,651 DEBUG Image Rendered
2021-03-09 15:03:48,684 DEBUG Detection Started
2021-03-09 15:03:48,867 DEBUG Detection Elapsed time: = 0.18277857399971253,
2021-03-09 15:03:48,900 DEBUG Detected
2021-03-09 15:03:48,900 DEBUG UpdatePathPlanningFlag for Path = False
2021-03-09 15:03:48,921 DEBUG Render or Add an Image
2021-03-09 15:03:48,922 DEBUG Current Frame Lat = 48.335403218960316, Lon = 14.32628800493052, Alt = 29.8, Comp = 177.0
2021-03-09 15:03:48,922 DEBUG StartingHeigth = 281.9929, Render = True, UpdatePlanningAlgo = False
2021-03-09 15:03:48,922 DEBUG CurrentImageNumber = 15, CentralCameraIndex = 0
2021-03-09 15:03:48,923 DEBUG PosX = 1.4681667054537684, PosY = 15.075889503583312,  PosZ = -312.0435533277583,  UpX = 0.10452846326765342,   UpY = 0.9945218953682733,   UpZ = 0.0
2021-03-09 15:03:48,923 DEBUG MeanAltitude = 29.9, CompassRad = 6.178465552059927
2021-03-09 15:03:49,183 DEBUG Rendering Elapsed time: = 0.25988425900004586,
2021-03-09 15:03:49,183 DEBUG Image Rendered
2021-03-09 15:03:49,220 DEBUG Detection Started
2021-03-09 15:03:49,402 DEBUG Detection Elapsed time: = 0.1816623139998228,
2021-03-09 15:03:49,433 DEBUG Detected
2021-03-09 15:03:49,433 DEBUG UpdatePathPlanningFlag for Path = False
2021-03-09 15:03:49,455 DEBUG Render or Add an Image
2021-03-09 15:03:49,456 DEBUG Current Frame Lat = 48.335394384590465, Lon = 14.326288162098354, Alt = 29.768950822473354, Comp = 177.0
2021-03-09 15:03:49,456 DEBUG StartingHeigth = 281.9929, Render = True, UpdatePlanningAlgo = False
2021-03-09 15:03:49,456 DEBUG CurrentImageNumber = 16, CentralCameraIndex = 1
2021-03-09 15:03:49,456 DEBUG PosX = 1.4956112703075632, PosY = 16.08411957230419,  PosZ = -312.02010139415347,  UpX = 0.10452846326765342,   UpY = 0.9945218953682733,   UpZ = 0.0
2021-03-09 15:03:49,456 DEBUG MeanAltitude = 29.9, CompassRad = 6.178465552059927
2021-03-09 15:03:49,722 DEBUG Rendering Elapsed time: = 0.265183517999958,
2021-03-09 15:03:49,722 DEBUG Image Rendered
2021-03-09 15:03:49,752 DEBUG Detection Started
2021-03-09 15:03:49,946 DEBUG Detection Elapsed time: = 0.19345772199994826,
2021-03-09 15:03:49,981 DEBUG Detected
2021-03-09 15:03:49,981 DEBUG UpdatePathPlanningFlag for Path = False
2021-03-09 15:03:49,998 DEBUG Render or Add an Image
2021-03-09 15:03:49,999 DEBUG Current Frame Lat = 48.335385262729204, Lon = 14.326288434745415, Alt = 29.75, Comp = 177.0
2021-03-09 15:03:49,999 DEBUG StartingHeigth = 281.9929, Render = True, UpdatePlanningAlgo = False
2021-03-09 15:03:49,999 DEBUG CurrentImageNumber = 17, CentralCameraIndex = 2
2021-03-09 15:03:49,999 DEBUG PosX = 1.5101444133906625, PosY = 16.803609433583915,  PosZ = -311.9951532401532,  UpX = 0.10452846326765342,   UpY = 0.9945218953682733,   UpZ = 0.0
2021-03-09 15:03:50,000 DEBUG MeanAltitude = 29.85, CompassRad = 6.178465552059927
2021-03-09 15:03:50,262 DEBUG Rendering Elapsed time: = 0.2624767960001009,
2021-03-09 15:03:50,263 DEBUG Image Rendered
2021-03-09 15:03:50,296 DEBUG Detection Started
2021-03-09 15:03:50,481 DEBUG Detection Elapsed time: = 0.18435657399959382,
2021-03-09 15:03:50,513 DEBUG Detected
2021-03-09 15:03:50,513 DEBUG UpdatePathPlanningFlag for Path = False
2021-03-09 15:03:50,531 DEBUG Render or Add an Image
2021-03-09 15:03:50,531 DEBUG Current Frame Lat = 48.33537630991469, Lon = 14.326288630003708, Alt = 29.79249907275651, Comp = 177.0
2021-03-09 15:03:50,532 DEBUG StartingHeigth = 281.9929, Render = True, UpdatePlanningAlgo = False
2021-03-09 15:03:50,532 DEBUG CurrentImageNumber = 18, CentralCameraIndex = 3
2021-03-09 15:03:50,532 DEBUG PosX = 1.528486778959632, PosY = 18.014560534618795,  PosZ = -311.95333676275567,  UpX = 0.10452846326765342,   UpY = 0.9945218953682733,   UpZ = 0.0
2021-03-09 15:03:50,532 DEBUG MeanAltitude = 29.8, CompassRad = 6.178465552059927
2021-03-09 15:03:50,794 DEBUG Rendering Elapsed time: = 0.26201499999979205,
2021-03-09 15:03:50,794 DEBUG Image Rendered
2021-03-09 15:03:50,829 DEBUG Detection Started
2021-03-09 15:03:51,024 DEBUG Detection Elapsed time: = 0.195357370000238,
2021-03-09 15:03:51,058 DEBUG Detected
2021-03-09 15:03:51,058 DEBUG UpdatePathPlanningFlag for Path = False
2021-03-09 15:03:51,079 DEBUG Render or Add an Image
2021-03-09 15:03:51,080 DEBUG Current Frame Lat = 48.33536430890263, Lon = 14.326289326463394, Alt = 29.668384150803817, Comp = 177.0
2021-03-09 15:03:51,081 DEBUG StartingHeigth = 281.9929, Render = True, UpdatePlanningAlgo = False
2021-03-09 15:03:51,081 DEBUG CurrentImageNumber = 19, CentralCameraIndex = 4
2021-03-09 15:03:51,081 DEBUG PosX = 1.5381276433472522, PosY = 18.953887259587646,  PosZ = -311.9429,  UpX = 0.10452846326765342,   UpY = 0.9945218953682733,   UpZ = 0.0
2021-03-09 15:03:51,081 DEBUG MeanAltitude = 29.796249536378255, CompassRad = 6.178465552059927
2021-03-09 15:03:51,337 DEBUG Rendering Elapsed time: = 0.2552612770000451,
2021-03-09 15:03:51,337 DEBUG Image Rendered
2021-03-09 15:03:51,374 DEBUG Detection Started
2021-03-09 15:03:51,560 DEBUG Detection Elapsed time: = 0.18585255600009987,
2021-03-09 15:03:51,591 DEBUG Detected
2021-03-09 15:03:51,591 DEBUG UpdatePathPlanningFlag for Path = False
2021-03-09 15:03:51,610 DEBUG Render or Add an Image
2021-03-09 15:03:51,611 DEBUG Current Frame Lat = 48.33535525137039, Lon = 14.326290115645223, Alt = 29.60195565280274, Comp = 177.0
2021-03-09 15:03:51,611 DEBUG StartingHeigth = 281.9929, Render = True, UpdatePlanningAlgo = False
2021-03-09 15:03:51,611 DEBUG CurrentImageNumber = 20, CentralCameraIndex = 5
2021-03-09 15:03:51,611 DEBUG PosX = 1.5566235284204595, PosY = 20.013343413360417,  PosZ = -311.95550351398197,  UpX = 0.10452846326765342,   UpY = 0.9945218953682733,   UpZ = 0.0
2021-03-09 15:03:51,611 DEBUG MeanAltitude = 29.789005259451812, CompassRad = 6.178465552059927
2021-03-09 15:03:51,863 DEBUG Rendering Elapsed time: = 0.2513498520002031,
2021-03-09 15:03:51,863 DEBUG Image Rendered
2021-03-09 15:03:51,894 DEBUG Detection Started
2021-03-09 15:03:52,075 DEBUG Detection Elapsed time: = 0.1808925000000272,
2021-03-09 15:03:52,105 DEBUG Detected
2021-03-09 15:03:52,105 DEBUG UpdatePathPlanningFlag for Path = False
2021-03-09 15:03:52,124 DEBUG Render or Add an Image
2021-03-09 15:03:52,125 DEBUG Current Frame Lat = 48.33534559609967, Lon = 14.326291277811485, Alt = 29.55, Comp = 177.0
2021-03-09 15:03:52,125 DEBUG StartingHeigth = 281.9929, Render = True, UpdatePlanningAlgo = False
2021-03-09 15:03:52,125 DEBUG CurrentImageNumber = 21, CentralCameraIndex = 6
2021-03-09 15:03:52,125 DEBUG PosX = 1.5619277496589348, PosY = 20.87644196022302,  PosZ = -311.90506475234525,  UpX = 0.10452846326765342,   UpY = 0.9945218953682733,   UpZ = 0.0
2021-03-09 15:03:52,125 DEBUG MeanAltitude = 29.782745025335263, CompassRad = 6.178465552059927
2021-03-09 15:03:52,388 DEBUG Rendering Elapsed time: = 0.2619445740001538,
2021-03-09 15:03:52,388 DEBUG Image Rendered
2021-03-09 15:03:52,422 DEBUG Detection Started
2021-03-09 15:03:52,616 DEBUG Detection Elapsed time: = 0.1938631660000283,
2021-03-09 15:03:52,647 DEBUG Detected
2021-03-09 15:03:52,648 DEBUG UpdatePathPlanningFlag for Path = False
2021-03-09 15:03:52,665 DEBUG Render or Add an Image
2021-03-09 15:03:52,665 DEBUG Current Frame Lat = 48.33533637546493, Lon = 14.326292396050164, Alt = 29.5, Comp = 177.0
2021-03-09 15:03:52,666 DEBUG StartingHeigth = 281.9929, Render = True, UpdatePlanningAlgo = False
2021-03-09 15:03:52,666 DEBUG CurrentImageNumber = 22, CentralCameraIndex = 7
2021-03-09 15:03:52,666 DEBUG PosX = 1.562744821596425, PosY = 21.88664715271443,  PosZ = -311.93775460330335,  UpX = 0.10452846326765342,   UpY = 0.9945218953682733,   UpZ = 0.0
2021-03-09 15:03:52,666 DEBUG MeanAltitude = 29.774464713498382, CompassRad = 6.178465552059927
2021-03-09 15:03:52,904 DEBUG Rendering Elapsed time: = 0.23827185199979795,
2021-03-09 15:03:52,905 DEBUG Image Rendered
2021-03-09 15:03:52,935 DEBUG Detection Started
2021-03-09 15:03:53,116 DEBUG Detection Elapsed time: = 0.18036333400004878,
2021-03-09 15:03:53,151 DEBUG Detected
2021-03-09 15:03:53,151 DEBUG UpdatePathPlanningFlag for Path = False
2021-03-09 15:03:53,168 DEBUG Render or Add an Image
2021-03-09 15:03:53,169 DEBUG Current Frame Lat = 48.33532780688212, Lon = 14.326293081774171, Alt = 29.348521523321125, Comp = 177.0
2021-03-09 15:03:53,169 DEBUG StartingHeigth = 281.9929, Render = True, UpdatePlanningAlgo = False
2021-03-09 15:03:53,169 DEBUG CurrentImageNumber = 23, CentralCameraIndex = 8
2021-03-09 15:03:53,169 DEBUG PosX = 1.5709067254210822, PosY = 22.88630815502256,  PosZ = -311.79290000000003,  UpX = 0.10452846326765342,   UpY = 0.9945218953682733,   UpZ = 0.0
2021-03-09 15:03:53,169 DEBUG MeanAltitude = 29.75947541123668, CompassRad = 6.178465552059927
2021-03-09 15:03:53,406 DEBUG Rendering Elapsed time: = 0.23600487100020473,
2021-03-09 15:03:53,406 DEBUG Image Rendered
2021-03-09 15:03:53,436 DEBUG Detection Started
2021-03-09 15:03:53,614 DEBUG Detection Elapsed time: = 0.1779965179998726,
2021-03-09 15:03:53,644 DEBUG Detected
2021-03-09 15:03:53,645 DEBUG UpdatePathPlanningFlag for Path = False
2021-03-09 15:03:53,662 DEBUG Render or Add an Image
2021-03-09 15:03:53,662 DEBUG Current Frame Lat = 48.3353188110812, Lon = 14.326293399999999, Alt = 29.2, Comp = 177.0
2021-03-09 15:03:53,663 DEBUG StartingHeigth = 281.9929, Render = True, UpdatePlanningAlgo = False
2021-03-09 15:03:53,663 DEBUG CurrentImageNumber = 24, CentralCameraIndex = 9
2021-03-09 15:03:53,663 DEBUG PosX = 1.5716317545156926, PosY = 23.824227363802493,  PosZ = -311.7784114461471,  UpX = 0.10452846326765342,   UpY = 0.9945218953682733,   UpZ = 0.0
2021-03-09 15:03:53,663 DEBUG MeanAltitude = 29.749739617197548, CompassRad = 6.178465552059927
2021-03-09 15:03:53,899 DEBUG Rendering Elapsed time: = 0.23611507399982656,
2021-03-09 15:03:53,900 DEBUG Image Rendered
2021-03-09 15:03:53,930 DEBUG Detection Started
2021-03-09 15:03:54,112 DEBUG Detection Elapsed time: = 0.18152109200036648,
2021-03-09 15:03:54,143 DEBUG Detected
2021-03-09 15:03:54,143 DEBUG UpdatePathPlanningFlag for Path = False
2021-03-09 15:03:54,160 DEBUG Render or Add an Image
2021-03-09 15:03:54,161 DEBUG Current Frame Lat = 48.335309721069564, Lon = 14.326294415786087, Alt = 29.2, Comp = 177.0
2021-03-09 15:03:54,162 DEBUG StartingHeigth = 281.9929, Render = True, UpdatePlanningAlgo = False
2021-03-09 15:03:54,162 DEBUG CurrentImageNumber = 25, CentralCameraIndex = 10
2021-03-09 15:03:54,162 DEBUG PosX = 1.5830982940387912, PosY = 24.924343408085406,  PosZ = -311.70722000854994,  UpX = 0.10452846326765342,   UpY = 0.9945218953682733,   UpZ = 0.0
2021-03-09 15:03:54,162 DEBUG MeanAltitude = 29.734076442677996, CompassRad = 6.178465552059927
2021-03-09 15:03:54,399 DEBUG Rendering Elapsed time: = 0.23663894400033314,
2021-03-09 15:03:54,399 DEBUG Image Rendered
2021-03-09 15:03:54,429 DEBUG Detection Started
2021-03-09 15:03:54,609 DEBUG Detection Elapsed time: = 0.1791528339999786,
2021-03-09 15:03:54,639 DEBUG Detected
2021-03-09 15:03:54,640 DEBUG UpdatePathPlanningFlag for Path = False
2021-03-09 15:03:54,657 DEBUG Render or Add an Image
2021-03-09 15:03:54,658 DEBUG Current Frame Lat = 48.33530069750462, Lon = 14.326296572141537, Alt = 29.1886070768119, Comp = 177.0
2021-03-09 15:03:54,658 DEBUG StartingHeigth = 281.9929, Render = True, UpdatePlanningAlgo = False
2021-03-09 15:03:54,658 DEBUG CurrentImageNumber = 26, CentralCameraIndex = 11
2021-03-09 15:03:54,658 DEBUG PosX = 1.5908158050151542, PosY = 25.716024403460324,  PosZ = -311.71157365096093,  UpX = 0.10452846326765342,   UpY = 0.9945218953682733,   UpZ = 0.0
2021-03-09 15:03:54,658 DEBUG MeanAltitude = 29.716496829755407, CompassRad = 6.178465552059927
2021-03-09 15:03:54,895 DEBUG Rendering Elapsed time: = 0.23682725899971047,
2021-03-09 15:03:54,896 DEBUG Image Rendered
2021-03-09 15:03:54,926 DEBUG Detection Started
2021-03-09 15:03:55,103 DEBUG Detection Elapsed time: = 0.1765295000000151,
2021-03-09 15:03:55,132 DEBUG Detected
2021-03-09 15:03:55,133 DEBUG UpdatePathPlanningFlag for Path = False
2021-03-09 15:03:55,155 DEBUG Render or Add an Image
2021-03-09 15:03:55,155 DEBUG Current Frame Lat = 48.33529181408928, Lon = 14.326298773155463, Alt = 29.2, Comp = 177.0
2021-03-09 15:03:55,156 DEBUG StartingHeigth = 281.9929, Render = True, UpdatePlanningAlgo = False
2021-03-09 15:03:55,156 DEBUG CurrentImageNumber = 27, CentralCameraIndex = 12
2021-03-09 15:03:55,156 DEBUG PosX = 1.5962721297401004, PosY = 26.65434437058866,  PosZ = -311.7423792343951,  UpX = 0.10452846326765342,   UpY = 0.9945218953682733,   UpZ = 0.0
2021-03-09 15:03:55,156 DEBUG MeanAltitude = 29.716496829755407, CompassRad = 6.178465552059927
2021-03-09 15:03:55,395 DEBUG Rendering Elapsed time: = 0.2386149439998917,
2021-03-09 15:03:55,395 DEBUG Image Rendered
2021-03-09 15:03:55,425 DEBUG Detection Started
2021-03-09 15:03:55,605 DEBUG Detection Elapsed time: = 0.17939963000026182,
2021-03-09 15:03:55,635 DEBUG Detected
2021-03-09 15:03:55,636 DEBUG UpdatePathPlanningFlag for Path = False
2021-03-09 15:03:55,654 DEBUG Render or Add an Image
2021-03-09 15:03:55,655 DEBUG Current Frame Lat = 48.33528294913722, Lon = 14.326301209404647, Alt = 29.0, Comp = 177.0
2021-03-09 15:03:55,655 DEBUG StartingHeigth = 281.9929, Render = True, UpdatePlanningAlgo = False
2021-03-09 15:03:55,655 DEBUG CurrentImageNumber = 28, CentralCameraIndex = 13
2021-03-09 15:03:55,655 DEBUG PosX = 1.600774253543932, PosY = 27.697447303682566,  PosZ = -311.7022731239534,  UpX = 0.10452846326765342,   UpY = 0.9945218953682733,   UpZ = 0.0
2021-03-09 15:03:55,655 DEBUG MeanAltitude = 29.716496829755407, CompassRad = 6.178465552059927
2021-03-09 15:03:55,895 DEBUG Rendering Elapsed time: = 0.23951064799985033,
2021-03-09 15:03:55,896 DEBUG Image Rendered
2021-03-09 15:03:55,925 DEBUG Detection Started
2021-03-09 15:03:56,106 DEBUG Detection Elapsed time: = 0.18012937000003149,
2021-03-09 15:03:56,136 DEBUG Detected
2021-03-09 15:03:56,136 DEBUG UpdatePathPlanningFlag for Path = False
2021-03-09 15:03:56,158 DEBUG Render or Add an Image
2021-03-09 15:03:56,159 DEBUG Current Frame Lat = 48.33527562987627, Lon = 14.326299256966108, Alt = 28.9, Comp = 177.0
2021-03-09 15:03:56,159 DEBUG StartingHeigth = 281.9929, Render = True, UpdatePlanningAlgo = True
2021-03-09 15:03:56,159 DEBUG CurrentImageNumber = 29, CentralCameraIndex = 14
2021-03-09 15:03:56,159 DEBUG PosX = 1.6005605371319689, PosY = 28.7236419711262,  PosZ = -311.77287860452344,  UpX = 0.10452846326765342,   UpY = 0.9945218953682733,   UpZ = 0.0
2021-03-09 15:03:56,159 DEBUG MeanAltitude = 29.716496829755407, CompassRad = 6.178465552059927
2021-03-09 15:03:56,400 DEBUG Rendering Elapsed time: = 0.24023748100034936,
2021-03-09 15:03:56,400 DEBUG Image Rendered
2021-03-09 15:03:56,431 DEBUG Detection Started
2021-03-09 15:03:56,610 DEBUG Detection Elapsed time: = 0.17940950000001976,
2021-03-09 15:03:56,642 DEBUG Detected
2021-03-09 15:03:56,642 DEBUG UpdatePathPlanningFlag for Path = True
2021-03-09 15:03:56,642 DEBUG UpdatedPathPlanningFlag for Path = True
